#
# A fatal error has been detected by the Java Runtime Environment:
#
#  EXCEPTION_ACCESS_VIOLATION (0xc0000005) at pc=0x00007ffecd34ee03, pid=11404, tid=14096
#
# JRE version: OpenJDK Runtime Environment Temurin-17.0.7+7 (17.0.7+7) (build 17.0.7+7)
# Java VM: OpenJDK 64-Bit Server VM Temurin-17.0.7+7 (17.0.7+7, mixed mode, tiered, compressed oops, compressed class ptrs, g1 gc, windows-amd64)
# Problematic frame:
# V  [jvm.dll+0x23ee03]
#
# No core dump will be written. Minidumps are not enabled by default on client versions of Windows
#
# If you would like to submit a bug report, please visit:
#   https://github.com/adoptium/adoptium-support/issues
#

---------------  S U M M A R Y ------------

Command Line: -XX:+ShowCodeDetailsInExceptionMessages -agentlib:jdwp=transport=dt_socket,suspend=y,address=localhost:56424 -javaagent:C:\eclipse-jee-2023-03-R-win32-x86_64\eclipse\configuration\org.eclipse.osgi\424\0\.cp\lib\javaagent-shaded.jar -Dfile.encoding=UTF-8 com.project.bookforeast.BookforeastApplication

Host: 12th Gen Intel(R) Core(TM) i7-12700, 20 cores, 31G,  Windows 11 , 64 bit Build 22621 (10.0.22621.2506)
Time: Fri Dec  8 14:07:50 2023  Windows 11 , 64 bit Build 22621 (10.0.22621.2506) elapsed time: 438.461129 seconds (0d 0h 7m 18s)

---------------  T H R E A D  ---------------

Current thread (0x0000015e5e2d11f0):  JavaThread "JDWP Transport Listener: dt_socket" daemon [_thread_in_vm, id=14096, stack(0x0000001469600000,0x0000001469700000)]

Stack: [0x0000001469600000,0x0000001469700000],  sp=0x00000014696febc8,  free space=1018k
Native frames: (J=compiled Java code, j=interpreted, Vv=VM code, C=native code)
V  [jvm.dll+0x23ee03]


siginfo: EXCEPTION_ACCESS_VIOLATION (0xc0000005), reading address 0x0000015e01264af2


Register to memory mapping:

RIP=0x00007ffecd34ee03 jvm.dll
RAX=0x0000000000005fc0 is an unknown value
RBX=0x000000000000003e is an unknown value
RCX=0x0000015e01234ca8 is pointing into metadata
RDX=0x0000000000005fc0 is an unknown value
RSP=0x00000014696febc8 is pointing into the stack for thread: 0x0000015e5e2d11f0
RBP=0x00000014696fec21 is pointing into the stack for thread: 0x0000015e5e2d11f0
RSI=0x0000000000000003 is an unknown value
RDI=0x0000015e01235126 is pointing into metadata
R8 =0x0 is NULL
R9 =0x00000000ffffffff is an unknown value
R10=0x0000015e01235122 is pointing into metadata
R11=0x00000014696fec78 is pointing into the stack for thread: 0x0000015e5e2d11f0
R12=0x00000014696feeb0 is pointing into the stack for thread: 0x0000015e5e2d11f0
R13=0x0 is NULL
R14=0x000000000000003e is an unknown value
R15=0x0000000800c32928 is a pointer to class: 
com.project.bookforeast.user.controller.UserController {0x0000000800c32930}
 - instance size:     3
 - klass size:        68
 - access:            public synchronized 
 - state:             allocated
 - name:              'com/project/bookforeast/user/controller/UserController'
 - super:             'java/lang/Object'
 - sub:               
 - arrays:            NULL
 - methods:           Array<T>(0x0000015e012350c8)
 - method ordering:   Array<T>(0x0000015e01235568)
 - default_methods:   Array<T>(0x0000000000000000)
 - local interfaces:  Array<T>(0x0000015e5f000058)
 - trans. interfaces: Array<T>(0x0000015e5f000058)
 - constants:         constant pool [111] {0x0000015e01234cb0} for 'com/project/bookforeast/user/controller/UserController'
 - class loader data:  loader data: 0x0000015e74ff2f10 for instance a 'org/springframework/boot/devtools/restart/classloader/RestartClassLoader'{0x0000000606400b10}
 - source file:       'UserController.java'
 - source debug extension:       SMAP
UserController.java
Java
*S jdt
*F
1 UserController.java
2 file:/C:/Users/kimgabin/git/bookforeast/bookforeast/target/classes/
*L
*E

 - class annotations:       Array<T>(0x0000015e01235528)
 - class type annotations:  Array<T>(0x0000000000000000)
 - field annotations:       Array<T>(0x0000000000000000)
 - field type annotations:  Array<T>(0x0000000000000000)
 - inner classes:     Array<T>(0x0000015e5f000028)
 - nest members:     Array<T>(0x0000015e5f000028)
 - permitted subclasses:     Array<T>(0x0000015e5f000028)
 - java mirror:       a 'java/lang/Class'{0x000000060ad90fd0} = 'com/project/bookforeast/user/controller/UserController'
 - vtable length      8  (start addr: 0x0000000800c32af0)
 - itable length      2 (start addr: 0x0000000800c32b30)
 - ---- static fields (0 words):
 - ---- non-static fields (3 words):
 - private final 'userService' 'Lcom/project/bookforeast/user/service/UserService;' @12 
 - private final 'securityService' 'Lcom/project/bookforeast/common/security/service/SecurityService;' @16 
 - private final 'jwtUtil' 'Lcom/project/bookforeast/common/security/service/JwtUtil;' @20 
 - non-static oop maps: 12-20 


Registers:
RAX=0x0000000000005fc0, RBX=0x000000000000003e, RCX=0x0000015e01234ca8, RDX=0x0000000000005fc0
RSP=0x00000014696febc8, RBP=0x00000014696fec21, RSI=0x0000000000000003, RDI=0x0000015e01235126
R8 =0x0000000000000000, R9 =0x00000000ffffffff, R10=0x0000015e01235122, R11=0x00000014696fec78
R12=0x00000014696feeb0, R13=0x0000000000000000, R14=0x000000000000003e, R15=0x0000000800c32928
RIP=0x00007ffecd34ee03, EFLAGS=0x0000000000010206

Top of Stack: (sp=0x00000014696febc8)
0x00000014696febc8:   00007ffecd7df0fb 000000000000003e
0x00000014696febd8:   0000000000000003 0000000000000000
0x00000014696febe8:   0000000000000000 000000006fe7f800
0x00000014696febf8:   00007ffe00000006 00000014696feeb0
0x00000014696fec08:   000000000000001b 0000000000000000
0x00000014696fec18:   0000015e00000014 0000015e01234ca8
0x00000014696fec28:   0000015e01234ca8 0000015e5e2d11f0
0x00000014696fec38:   0000015e01235120 0000015e5e1e1ee8
0x00000014696fec48:   0000015e5e2d11f0 0000015e5e2ed790
0x00000014696fec58:   00000000000003d8 0000000000000000
0x00000014696fec68:   00000014696feeb0 00000014696fecf8
0x00000014696fec78:   00007ffecd7dec30 0000015e5e2d11f0
0x00000014696fec88:   0000015e5e2d11f0 0000015e01235180
0x00000014696fec98:   00000014696ff200 00000014696fed30
0x00000014696feca8:   00007ffecd63e936 000000000000004c
0x00000014696fecb8:   000000000000004c 0000000000000301 

Instructions: (pc=0x00007ffecd34ee03)
0x00007ffecd34ed03:   8b c6 48 8b d3 48 8b 49 18 e8 4f da 31 00 48 83
0x00007ffecd34ed13:   7e 08 00 48 8b 7c 24 70 48 8b 6c 24 60 74 37 4c
0x00007ffecd34ed23:   8b ce 41 b0 64 41 8b d4 49 8b ce e8 cd 1d 00 00
0x00007ffecd34ed33:   48 83 7e 08 00 0f 85 87 00 00 00 49 8b 0e 8b 54
0x00007ffecd34ed43:   24 68 48 8b 41 28 48 8b 44 d0 08 48 83 c4 38 41
0x00007ffecd34ed53:   5e 41 5c 5e 5b c3 48 83 3d 77 19 92 00 00 74 0b
0x00007ffecd34ed63:   48 8b d3 49 8b ce e8 62 23 00 00 8b 44 24 68 41
0x00007ffecd34ed73:   b9 07 00 00 00 48 8d 14 c5 00 00 00 00 49 8b 06
0x00007ffecd34ed83:   48 8b 48 28 48 89 5c 11 08 49 8b 06 48 8b 48 08
0x00007ffecd34ed93:   b0 64 f0 46 0f b0 4c 21 04 3c 67 75 32 49 8b 06
0x00007ffecd34eda3:   4c 8b c6 48 8b 48 28 48 c7 44 11 08 00 00 00 00
0x00007ffecd34edb3:   41 8b d4 49 8b ce e8 62 21 00 00 48 83 7e 08 00
0x00007ffecd34edc3:   74 0d 33 c0 48 83 c4 38 41 5e 41 5c 5e 5b c3 48
0x00007ffecd34edd3:   8b c3 48 83 c4 38 41 5e 41 5c 5e 5b c3 48 8b 41
0x00007ffecd34ede3:   28 4c 63 ca 42 0f b7 54 c9 48 4c 89 44 d0 08 48
0x00007ffecd34edf3:   8b 41 08 42 c6 44 08 04 07 c3 cc cc cc 48 63 c2
0x00007ffecd34ee03:   0f b7 44 c1 4a 48 8b 44 c1 48 c3 cc cc 49 63 c0
0x00007ffecd34ee13:   44 0f b7 44 c1 4a 48 8b 42 18 4a 39 44 c1 48 0f
0x00007ffecd34ee23:   94 c0 c3 cc cc cc cc cc cc cc cc cc cc 48 89 5c
0x00007ffecd34ee33:   24 10 48 89 74 24 18 57 48 83 ec 30 48 63 da 49
0x00007ffecd34ee43:   8b f0 48 8b f9 85 d2 79 24 4c 8d 0d 05 41 70 00
0x00007ffecd34ee53:   ba b4 02 00 00 4c 8d 05 31 41 70 00 48 8d 0d aa
0x00007ffecd34ee63:   40 70 00 e8 a5 79 00 00 e8 f0 81 43 00 48 8b 4f
0x00007ffecd34ee73:   10 48 85 c9 74 0f 48 8d 43 01 48 c1 e0 05 48 8b
0x00007ffecd34ee83:   04 08 0f b7 d8 48 63 c3 48 8d 54 24 40 48 89 7c
0x00007ffecd34ee93:   24 20 48 89 74 24 28 48 8b 8e 40 02 00 00 8b 5c
0x00007ffecd34eea3:   c7 48 48 89 7c 24 40 e8 71 bb dc ff 0f b7 d3 48
0x00007ffecd34eeb3:   8d 4c 24 20 4c 8b c6 e8 f1 fb ff ff 48 8d 4c 24
0x00007ffecd34eec3:   20 48 8b d8 e8 d4 d4 10 00 48 8b 74 24 50 48 8b
0x00007ffecd34eed3:   c3 48 8b 5c 24 48 48 83 c4 30 5f c3 cc 48 89 5c
0x00007ffecd34eee3:   24 08 57 48 83 ec 20 48 63 fa 48 8b d9 85 d2 79
0x00007ffecd34eef3:   24 4c 8d 0d 5d 40 70 00 ba b4 02 00 00 4c 8d 05 


Stack slot to memory mapping:
stack at sp + 0 slots: 0x00007ffecd7df0fb jvm.dll
stack at sp + 1 slots: 0x000000000000003e is an unknown value
stack at sp + 2 slots: 0x0000000000000003 is an unknown value
stack at sp + 3 slots: 0x0 is NULL
stack at sp + 4 slots: 0x0 is NULL
stack at sp + 5 slots: 0x000000006fe7f800 is an unknown value
stack at sp + 6 slots: 0x00007ffe00000006 is an unknown value
stack at sp + 7 slots: 0x00000014696feeb0 is pointing into the stack for thread: 0x0000015e5e2d11f0


---------------  P R O C E S S  ---------------

Threads class SMR info:
_java_thread_list=0x0000015e6355ba00, length=23, elements={
0x0000015e5dfb5000, 0x0000015e5dfb5e70, 0x0000015e5e005fc0, 0x0000015e5e01ee60,
0x0000015e5e022830, 0x0000015e5e02b1f0, 0x0000015e5e031490, 0x0000015e5e032340,
0x0000015e5e033510, 0x0000015e5e187050, 0x0000015e5e2d11f0, 0x0000015e5e2f0080,
0x0000015e5e2f24f0, 0x0000015e630295f0, 0x0000015e6a0ed840, 0x0000015e6e343500,
0x0000015e6e0aaf60, 0x0000015e6e347d30, 0x0000015e6e3469f0, 0x0000015e6e344d10,
0x0000015e6e3451e0, 0x0000015e6e344840, 0x0000015e6e343ea0
}

Java Threads: ( => current thread )
  0x0000015e5dfb5000 JavaThread "Reference Handler" daemon [_thread_blocked, id=15292, stack(0x0000001468800000,0x0000001468900000)]
  0x0000015e5dfb5e70 JavaThread "Finalizer" daemon [_thread_blocked, id=38872, stack(0x0000001468900000,0x0000001468a00000)]
  0x0000015e5e005fc0 JavaThread "Signal Dispatcher" daemon [_thread_blocked, id=37964, stack(0x0000001468a00000,0x0000001468b00000)]
  0x0000015e5e01ee60 JavaThread "Attach Listener" daemon [_thread_blocked, id=4952, stack(0x0000001468b00000,0x0000001468c00000)]
  0x0000015e5e022830 JavaThread "Service Thread" daemon [_thread_blocked, id=16644, stack(0x0000001468c00000,0x0000001468d00000)]
  0x0000015e5e02b1f0 JavaThread "Monitor Deflation Thread" daemon [_thread_blocked, id=43628, stack(0x0000001468d00000,0x0000001468e00000)]
  0x0000015e5e031490 JavaThread "C2 CompilerThread0" daemon [_thread_blocked, id=45784, stack(0x0000001468e00000,0x0000001468f00000)]
  0x0000015e5e032340 JavaThread "C1 CompilerThread0" daemon [_thread_blocked, id=1320, stack(0x0000001468f00000,0x0000001469000000)]
  0x0000015e5e033510 JavaThread "Sweeper thread" daemon [_thread_blocked, id=45484, stack(0x0000001469000000,0x0000001469100000)]
  0x0000015e5e187050 JavaThread "Common-Cleaner" daemon [_thread_blocked, id=6796, stack(0x0000001469100000,0x0000001469200000)]
=>0x0000015e5e2d11f0 JavaThread "JDWP Transport Listener: dt_socket" daemon [_thread_in_vm, id=14096, stack(0x0000001469600000,0x0000001469700000)]
  0x0000015e5e2f0080 JavaThread "JDWP Event Helper Thread" daemon [_thread_blocked, id=15332, stack(0x0000001469700000,0x0000001469800000)]
  0x0000015e5e2f24f0 JavaThread "JDWP Command Reader" daemon [_thread_in_native, id=8420, stack(0x0000001469800000,0x0000001469900000)]
  0x0000015e630295f0 JavaThread "Notification Thread" daemon [_thread_blocked, id=28452, stack(0x0000001469900000,0x0000001469a00000)]
  0x0000015e6a0ed840 JavaThread "mysql-cj-abandoned-connection-cleanup" daemon [_thread_blocked, id=20108, stack(0x000000146b400000,0x000000146b500000)]
  0x0000015e6e343500 JavaThread "Live Reload Server" daemon [_thread_in_native, id=6488, stack(0x000000146bd00000,0x000000146be00000)]
  0x0000015e6e0aaf60 JavaThread "DestroyJavaVM" [_thread_blocked, id=30056, stack(0x0000001468100000,0x0000001468200000)]
  0x0000015e6e347d30 JavaThread "Thread-7" [_thread_blocked, id=39360, stack(0x0000001467e00000,0x0000001467f00000)]
  0x0000015e6e3469f0 JavaThread "restartedMain" [_thread_blocked, id=35600, stack(0x0000001467f00000,0x0000001468000000)]
  0x0000015e6e344d10 JavaThread "HikariPool-3 housekeeper" daemon [_thread_blocked, id=10756, stack(0x000000146a700000,0x000000146a800000)]
  0x0000015e6e3451e0 JavaThread "Catalina-utility-1" [_thread_blocked, id=41636, stack(0x0000001469300000,0x0000001469400000)]
  0x0000015e6e344840 JavaThread "Catalina-utility-2" [_thread_blocked, id=20884, stack(0x0000001469400000,0x0000001469500000)]
  0x0000015e6e343ea0 JavaThread "container-0" [_thread_blocked, id=5712, stack(0x0000001469500000,0x0000001469600000)]

Other Threads:
  0x0000015e5aee62b0 VMThread "VM Thread" [stack: 0x0000001468700000,0x0000001468800000] [id=36860]
  0x0000015e5e2d0890 WatcherThread [stack: 0x0000001469a00000,0x0000001469b00000] [id=33920]
  0x0000015e34dab4d0 GCTaskThread "GC Thread#0" [stack: 0x0000001468200000,0x0000001468300000] [id=45892]
  0x0000015e635541c0 GCTaskThread "GC Thread#1" [stack: 0x0000001469c00000,0x0000001469d00000] [id=14332]
  0x0000015e636ea850 GCTaskThread "GC Thread#2" [stack: 0x0000001469d00000,0x0000001469e00000] [id=19968]
  0x0000015e63597740 GCTaskThread "GC Thread#3" [stack: 0x0000001469e00000,0x0000001469f00000] [id=45800]
  0x0000015e635979f0 GCTaskThread "GC Thread#4" [stack: 0x0000001469f00000,0x000000146a000000] [id=22076]
  0x0000015e6329a610 GCTaskThread "GC Thread#5" [stack: 0x000000146a000000,0x000000146a100000] [id=41264]
  0x0000015e6329acd0 GCTaskThread "GC Thread#6" [stack: 0x000000146a100000,0x000000146a200000] [id=15264]
  0x0000015e6329b390 GCTaskThread "GC Thread#7" [stack: 0x000000146a200000,0x000000146a300000] [id=22128]
  0x0000015e6329b640 GCTaskThread "GC Thread#8" [stack: 0x000000146a300000,0x000000146a400000] [id=44272]
  0x0000015e6329b8f0 GCTaskThread "GC Thread#9" [stack: 0x000000146a400000,0x000000146a500000] [id=43228]
  0x0000015e631b0150 GCTaskThread "GC Thread#10" [stack: 0x000000146a500000,0x000000146a600000] [id=32388]
  0x0000015e631b0960 GCTaskThread "GC Thread#11" [stack: 0x000000146a600000,0x000000146a700000] [id=5716]
  0x0000015e631b0c10 GCTaskThread "GC Thread#12" [stack: 0x000000146ad00000,0x000000146ae00000] [id=1816]
  0x0000015e631b06b0 GCTaskThread "GC Thread#13" [stack: 0x000000146b100000,0x000000146b200000] [id=46068]
  0x0000015e68c1b740 GCTaskThread "GC Thread#14" [stack: 0x000000146b200000,0x000000146b300000] [id=43612]
  0x0000015e5ad10890 ConcurrentGCThread "G1 Main Marker" [stack: 0x0000001468300000,0x0000001468400000] [id=27016]
  0x0000015e34dac4f0 ConcurrentGCThread "G1 Conc#0" [stack: 0x0000001468400000,0x0000001468500000] [id=10624]
  0x0000015e631b1420 ConcurrentGCThread "G1 Conc#1" [stack: 0x000000146ae00000,0x000000146af00000] [id=10620]
  0x0000015e631b0ec0 ConcurrentGCThread "G1 Conc#2" [stack: 0x000000146af00000,0x000000146b000000] [id=26760]
  0x0000015e631b16d0 ConcurrentGCThread "G1 Conc#3" [stack: 0x000000146b000000,0x000000146b100000] [id=36168]
  0x0000015e5ae160b0 ConcurrentGCThread "G1 Refine#0" [stack: 0x0000001468500000,0x0000001468600000] [id=7708]
  0x0000015e5ae16ad0 ConcurrentGCThread "G1 Service" [stack: 0x0000001468600000,0x0000001468700000] [id=31680]

Threads with active compile tasks:

VM state: not at safepoint (normal execution)

VM Mutex/Monitor currently owned by a thread: None

Heap address: 0x0000000604000000, size: 8128 MB, Compressed Oops mode: Zero based, Oop shift amount: 3

CDS archive(s) not mapped
Compressed class space mapped at: 0x0000000800000000-0x0000000840000000, reserved size: 1073741824
Narrow klass base: 0x0000000800000000, Narrow klass shift: 0, Narrow klass range: 0x40000000

GC Precious Log:
 CPUs: 20 total, 20 available
 Memory: 32509M
 Large Page Support: Disabled
 NUMA Support: Disabled
 Compressed Oops: Enabled (Zero based)
 Heap Region Size: 4M
 Heap Min Capacity: 8M
 Heap Initial Capacity: 508M
 Heap Max Capacity: 8128M
 Pre-touch: Disabled
 Parallel Workers: 15
 Concurrent Workers: 4
 Concurrent Refinement Workers: 15
 Periodic GC: Disabled

Heap:
 garbage-first heap   total 122880K, used 50245K [0x0000000604000000, 0x0000000800000000)
  region size 4096K, 4 young (16384K), 1 survivors (4096K)
 Metaspace       used 95343K, committed 96064K, reserved 1179648K
  class space    used 11980K, committed 12352K, reserved 1048576K

Heap Regions: E=young(eden), S=young(survivor), O=old, HS=humongous(starts), HC=humongous(continues), CS=collection set, F=free, OA=open archive, CA=closed archive, TAMS=top-at-mark-start (previous, next)
|   0|0x0000000604000000, 0x00000006043fffd8, 0x0000000604400000| 99%| O|  |TAMS 0x00000006043fffd8, 0x0000000604000000| Untracked 
|   1|0x0000000604400000, 0x0000000604800000, 0x0000000604800000|100%| O|  |TAMS 0x0000000604400000, 0x0000000604400000| Untracked 
|   2|0x0000000604800000, 0x0000000604bfffe0, 0x0000000604c00000| 99%| O|  |TAMS 0x0000000604800000, 0x0000000604800000| Untracked 
|   3|0x0000000604c00000, 0x0000000604fffed8, 0x0000000605000000| 99%| O|  |TAMS 0x0000000604c00000, 0x0000000604c00000| Untracked 
|   4|0x0000000605000000, 0x00000006053fffd0, 0x0000000605400000| 99%| O|  |TAMS 0x0000000605000000, 0x0000000605000000| Untracked 
|   5|0x0000000605400000, 0x00000006057ffff0, 0x0000000605800000| 99%| O|  |TAMS 0x0000000605400000, 0x0000000605400000| Untracked 
|   6|0x0000000605800000, 0x0000000605bfd118, 0x0000000605c00000| 99%| O|  |TAMS 0x0000000605800000, 0x0000000605800000| Untracked 
|   7|0x0000000605c00000, 0x0000000605fcaec8, 0x0000000606000000| 94%| O|  |TAMS 0x0000000605c00000, 0x0000000605c00000| Untracked 
|   8|0x0000000606000000, 0x00000006061570a0, 0x0000000606400000| 33%| O|  |TAMS 0x0000000606000000, 0x0000000606000000| Untracked 
|   9|0x0000000606400000, 0x0000000606800000, 0x0000000606800000|100%| O|  |TAMS 0x0000000606400000, 0x0000000606400000| Untracked 
|  10|0x0000000606800000, 0x0000000606861c00, 0x0000000606c00000|  9%| O|  |TAMS 0x0000000606800000, 0x0000000606800000| Untracked 
|  11|0x0000000606c00000, 0x0000000606c00000, 0x0000000607000000|  0%| F|  |TAMS 0x0000000606c00000, 0x0000000606c00000| Untracked 
|  12|0x0000000607000000, 0x0000000607000000, 0x0000000607400000|  0%| F|  |TAMS 0x0000000607000000, 0x0000000607000000| Untracked 
|  13|0x0000000607400000, 0x0000000607400000, 0x0000000607800000|  0%| F|  |TAMS 0x0000000607400000, 0x0000000607400000| Untracked 
|  14|0x0000000607800000, 0x0000000607800000, 0x0000000607c00000|  0%| F|  |TAMS 0x0000000607800000, 0x0000000607800000| Untracked 
|  15|0x0000000607c00000, 0x0000000607c00000, 0x0000000608000000|  0%| F|  |TAMS 0x0000000607c00000, 0x0000000607c00000| Untracked 
|  16|0x0000000608000000, 0x0000000608390d00, 0x0000000608400000| 89%| S|CS|TAMS 0x0000000608000000, 0x0000000608000000| Complete 
|  17|0x0000000608400000, 0x0000000608400000, 0x0000000608800000|  0%| F|  |TAMS 0x0000000608400000, 0x0000000608400000| Untracked 
|  18|0x0000000608800000, 0x0000000608800000, 0x0000000608c00000|  0%| F|  |TAMS 0x0000000608800000, 0x0000000608800000| Untracked 
|  19|0x0000000608c00000, 0x0000000608c00000, 0x0000000609000000|  0%| F|  |TAMS 0x0000000608c00000, 0x0000000608c00000| Untracked 
|  20|0x0000000609000000, 0x0000000609000000, 0x0000000609400000|  0%| F|  |TAMS 0x0000000609000000, 0x0000000609000000| Untracked 
|  21|0x0000000609400000, 0x0000000609400000, 0x0000000609800000|  0%| F|  |TAMS 0x0000000609400000, 0x0000000609400000| Untracked 
|  22|0x0000000609800000, 0x0000000609800000, 0x0000000609c00000|  0%| F|  |TAMS 0x0000000609800000, 0x0000000609800000| Untracked 
|  23|0x0000000609c00000, 0x0000000609c00000, 0x000000060a000000|  0%| F|  |TAMS 0x0000000609c00000, 0x0000000609c00000| Untracked 
|  24|0x000000060a000000, 0x000000060a000000, 0x000000060a400000|  0%| F|  |TAMS 0x000000060a000000, 0x000000060a000000| Untracked 
|  25|0x000000060a400000, 0x000000060a400000, 0x000000060a800000|  0%| F|  |TAMS 0x000000060a400000, 0x000000060a400000| Untracked 
|  26|0x000000060a800000, 0x000000060a800000, 0x000000060ac00000|  0%| F|  |TAMS 0x000000060a800000, 0x000000060a800000| Untracked 
|  27|0x000000060ac00000, 0x000000060adc5e40, 0x000000060b000000| 44%| E|  |TAMS 0x000000060ac00000, 0x000000060ac00000| Complete 
|  28|0x000000060b000000, 0x000000060b400000, 0x000000060b400000|100%| E|CS|TAMS 0x000000060b000000, 0x000000060b000000| Complete 
|  29|0x000000060b400000, 0x000000060b800000, 0x000000060b800000|100%| E|CS|TAMS 0x000000060b400000, 0x000000060b400000| Complete 

Card table byte_map: [0x0000015e48e30000,0x0000015e49e10000] _byte_map_base: 0x0000015e45e10000

Marking Bits (Prev, Next): (CMBitMap*) 0x0000015e34dabb20, (CMBitMap*) 0x0000015e34dabae0
 Prev Bits: [0x0000015e52cf0000, 0x0000015e5abf0000)
 Next Bits: [0x0000015e4adf0000, 0x0000015e52cf0000)

Polling page: 0x0000015e32bc0000

Metaspace:

Usage:
  Non-class:     81.41 MB used.
      Class:     11.70 MB used.
       Both:     93.11 MB used.

Virtual space:
  Non-class space:      128.00 MB reserved,      81.75 MB ( 64%) committed,  2 nodes.
      Class space:        1.00 GB reserved,      12.06 MB (  1%) committed,  1 nodes.
             Both:        1.12 GB reserved,      93.81 MB (  8%) committed. 

Chunk freelists:
   Non-Class:  13.78 MB
       Class:  3.80 MB
        Both:  17.58 MB

MaxMetaspaceSize: unlimited
CompressedClassSpaceSize: 1.00 GB
Initial GC threshold: 21.00 MB
Current GC threshold: 154.00 MB
CDS: off
MetaspaceReclaimPolicy: balanced
 - commit_granule_bytes: 65536.
 - commit_granule_words: 8192.
 - virtual_space_node_default_size: 8388608.
 - enlarge_chunks_in_place: 1.
 - new_chunks_are_fully_committed: 0.
 - uncommit_free_chunks: 1.
 - use_allocation_guard: 0.
 - handle_deallocations: 1.


Internal statistics:

num_allocs_failed_limit: 9.
num_arena_births: 1082.
num_arena_deaths: 6.
num_vsnodes_births: 3.
num_vsnodes_deaths: 0.
num_space_committed: 1501.
num_space_uncommitted: 0.
num_chunks_returned_to_freelist: 17.
num_chunks_taken_from_freelist: 4400.
num_chunk_merges: 6.
num_chunk_splits: 3003.
num_chunks_enlarged: 2211.
num_inconsistent_stats: 0.

CodeHeap 'non-profiled nmethods': size=119168Kb used=13732Kb max_used=13732Kb free=105435Kb
 bounds [0x0000015e3ff40000, 0x0000015e40cb0000, 0x0000015e473a0000]
CodeHeap 'profiled nmethods': size=119104Kb used=26039Kb max_used=26039Kb free=93064Kb
 bounds [0x0000015e383a0000, 0x0000015e39d10000, 0x0000015e3f7f0000]
CodeHeap 'non-nmethods': size=7488Kb used=1452Kb max_used=3285Kb free=6035Kb
 bounds [0x0000015e3f7f0000, 0x0000015e3fb50000, 0x0000015e3ff40000]
 total_blobs=12962 nmethods=12245 adapters=628
 compilation: enabled
              stopped_count=0, restarted_count=0
 full_count=0

Compilation events (20 events):
Event: 415.847 Thread 0x0000015e72daac20 14820       3       java.lang.invoke.DelegatingMethodHandle$Holder::delegate (18 bytes)
Event: 415.847 Thread 0x0000015e72daac20 nmethod 14820 0x0000015e39d0c290 code [0x0000015e39d0c460, 0x0000015e39d0c988]
Event: 415.847 Thread 0x0000015e5e032340 nmethod 14819 0x0000015e39d0cb10 code [0x0000015e39d0cd00, 0x0000015e39d0d378]
Event: 415.847 Thread 0x0000015e5e031490 14821       4       org.springframework.asm.SymbolTable::put (150 bytes)
Event: 415.847 Thread 0x0000015e72daac20 14822       3       org.springframework.cglib.core.CodeEmitter::invoke_interface (11 bytes)
Event: 415.847 Thread 0x0000015e5e032340 14823       3       org.springframework.cglib.core.CodeEmitter::invoke_static (11 bytes)
Event: 415.848 Thread 0x0000015e72daac20 nmethod 14822 0x0000015e39d0d590 code [0x0000015e39d0d720, 0x0000015e39d0d888]
Event: 415.848 Thread 0x0000015e5e032340 nmethod 14823 0x0000015e39d0d910 code [0x0000015e39d0daa0, 0x0000015e39d0dc08]
Event: 415.850 Thread 0x0000015e5e032340 14824       1       org.springframework.core.convert.Property::getObjectType (5 bytes)
Event: 415.850 Thread 0x0000015e5e032340 nmethod 14824 0x0000015e40ca2c90 code [0x0000015e40ca2e20, 0x0000015e40ca2ef8]
Event: 415.850 Thread 0x0000015e5e032340 14825       1       org.hibernate.metamodel.model.domain.internal.AbstractSqmPathSource::getSqmPathType (5 bytes)
Event: 415.850 Thread 0x0000015e5e032340 nmethod 14825 0x0000015e40ca2f90 code [0x0000015e40ca3120, 0x0000015e40ca31f8]
Event: 415.851 Thread 0x0000015e5e032340 14826       1       org.springframework.aop.framework.ProxyConfig::isFrozen (5 bytes)
Event: 415.851 Thread 0x0000015e5e032340 nmethod 14826 0x0000015e40ca3290 code [0x0000015e40ca3420, 0x0000015e40ca34f8]
Event: 415.851 Thread 0x0000015e72daac20 14827       3       org.springframework.data.util.AnnotationDetectionMethodCallback::doWith (91 bytes)
Event: 415.851 Thread 0x0000015e72dad9b0 14828       4       java.lang.reflect.Proxy$ProxyBuilder::addElementTypes (33 bytes)
Event: 415.851 Thread 0x0000015e72daac20 nmethod 14827 0x0000015e39d0dd10 code [0x0000015e39d0dfe0, 0x0000015e39d0f238]
Event: 415.854 Thread 0x0000015e72dad9b0 nmethod 14828 0x0000015e40ca3590 code [0x0000015e40ca3760, 0x0000015e40ca3ad0]
Event: 415.854 Thread 0x0000015e5e031490 nmethod 14821 0x0000015e40ca3e90 code [0x0000015e40ca4020, 0x0000015e40ca49b8]
Event: 415.868 Thread 0x0000015e72daa200 nmethod 14800 0x0000015e40ca4d10 code [0x0000015e40ca5020, 0x0000015e40ca81c0]

GC Heap History (20 events):
Event: 16.353 GC heap before
{Heap before GC invocations=40 (full 0):
 garbage-first heap   total 81920K, used 66137K [0x0000000604000000, 0x0000000800000000)
  region size 4096K, 7 young (28672K), 1 survivors (4096K)
 Metaspace       used 90924K, committed 91584K, reserved 1179648K
  class space    used 11588K, committed 11904K, reserved 1048576K
}
Event: 16.355 GC heap after
{Heap after GC invocations=41 (full 0):
 garbage-first heap   total 303104K, used 41314K [0x0000000604000000, 0x0000000800000000)
  region size 4096K, 1 young (4096K), 1 survivors (4096K)
 Metaspace       used 90924K, committed 91584K, reserved 1179648K
  class space    used 11588K, committed 11904K, reserved 1048576K
}
Event: 16.902 GC heap before
{Heap before GC invocations=42 (full 0):
 garbage-first heap   total 163840K, used 151906K [0x0000000604000000, 0x0000000800000000)
  region size 4096K, 29 young (118784K), 1 survivors (4096K)
 Metaspace       used 91150K, committed 91840K, reserved 1179648K
  class space    used 11622K, committed 11968K, reserved 1048576K
}
Event: 16.903 GC heap after
{Heap after GC invocations=43 (full 0):
 garbage-first heap   total 163840K, used 41860K [0x0000000604000000, 0x0000000800000000)
  region size 4096K, 1 young (4096K), 1 survivors (4096K)
 Metaspace       used 91150K, committed 91840K, reserved 1179648K
  class space    used 11622K, committed 11968K, reserved 1048576K
}
Event: 17.237 GC heap before
{Heap before GC invocations=43 (full 0):
 garbage-first heap   total 163840K, used 136068K [0x0000000604000000, 0x0000000800000000)
  region size 4096K, 24 young (98304K), 1 survivors (4096K)
 Metaspace       used 91234K, committed 91904K, reserved 1179648K
  class space    used 11634K, committed 11968K, reserved 1048576K
}
Event: 17.238 GC heap after
{Heap after GC invocations=44 (full 0):
 garbage-first heap   total 163840K, used 41796K [0x0000000604000000, 0x0000000800000000)
  region size 4096K, 1 young (4096K), 1 survivors (4096K)
 Metaspace       used 91234K, committed 91904K, reserved 1179648K
  class space    used 11634K, committed 11968K, reserved 1048576K
}
Event: 124.418 GC heap before
{Heap before GC invocations=44 (full 0):
 garbage-first heap   total 163840K, used 136004K [0x0000000604000000, 0x0000000800000000)
  region size 4096K, 24 young (98304K), 1 survivors (4096K)
 Metaspace       used 91814K, committed 92544K, reserved 1179648K
  class space    used 11730K, committed 12096K, reserved 1048576K
}
Event: 124.419 GC heap after
{Heap after GC invocations=45 (full 0):
 garbage-first heap   total 163840K, used 42397K [0x0000000604000000, 0x0000000800000000)
  region size 4096K, 1 young (4096K), 1 survivors (4096K)
 Metaspace       used 91814K, committed 92544K, reserved 1179648K
  class space    used 11730K, committed 12096K, reserved 1048576K
}
Event: 210.759 GC heap before
{Heap before GC invocations=45 (full 0):
 garbage-first heap   total 163840K, used 62877K [0x0000000604000000, 0x0000000800000000)
  region size 4096K, 7 young (28672K), 1 survivors (4096K)
 Metaspace       used 92002K, committed 92672K, reserved 1179648K
  class space    used 11755K, committed 12096K, reserved 1048576K
}
Event: 210.791 GC heap after
{Heap after GC invocations=46 (full 1):
 garbage-first heap   total 151552K, used 34109K [0x0000000604000000, 0x0000000800000000)
  region size 4096K, 0 young (0K), 0 survivors (0K)
 Metaspace       used 92002K, committed 92672K, reserved 1179648K
  class space    used 11755K, committed 12096K, reserved 1048576K
}
Event: 211.878 GC heap before
{Heap before GC invocations=46 (full 1):
 garbage-first heap   total 151552K, used 120125K [0x0000000604000000, 0x0000000800000000)
  region size 4096K, 21 young (86016K), 0 survivors (0K)
 Metaspace       used 93047K, committed 93696K, reserved 1179648K
  class space    used 11830K, committed 12160K, reserved 1048576K
}
Event: 211.881 GC heap after
{Heap after GC invocations=47 (full 1):
 garbage-first heap   total 151552K, used 40317K [0x0000000604000000, 0x0000000800000000)
  region size 4096K, 2 young (8192K), 2 survivors (8192K)
 Metaspace       used 93047K, committed 93696K, reserved 1179648K
  class space    used 11830K, committed 12160K, reserved 1048576K
}
Event: 213.599 GC heap before
{Heap before GC invocations=47 (full 1):
 garbage-first heap   total 151552K, used 114045K [0x0000000604000000, 0x0000000800000000)
  region size 4096K, 20 young (81920K), 2 survivors (8192K)
 Metaspace       used 93863K, committed 94528K, reserved 1179648K
  class space    used 11875K, committed 12224K, reserved 1048576K
}
Event: 213.602 GC heap after
{Heap after GC invocations=48 (full 1):
 garbage-first heap   total 151552K, used 44711K [0x0000000604000000, 0x0000000800000000)
  region size 4096K, 3 young (12288K), 3 survivors (12288K)
 Metaspace       used 93863K, committed 94528K, reserved 1179648K
  class space    used 11875K, committed 12224K, reserved 1048576K
}
Event: 413.714 GC heap before
{Heap before GC invocations=48 (full 1):
 garbage-first heap   total 151552K, used 85671K [0x0000000604000000, 0x0000000800000000)
  region size 4096K, 14 young (57344K), 3 survivors (12288K)
 Metaspace       used 93907K, committed 94592K, reserved 1179648K
  class space    used 11877K, committed 12224K, reserved 1048576K
}
Event: 413.760 GC heap after
{Heap after GC invocations=49 (full 2):
 garbage-first heap   total 122880K, used 33915K [0x0000000604000000, 0x0000000800000000)
  region size 4096K, 0 young (0K), 0 survivors (0K)
 Metaspace       used 93901K, committed 94592K, reserved 1179648K
  class space    used 11876K, committed 12224K, reserved 1048576K
}
Event: 414.288 GC heap before
{Heap before GC invocations=49 (full 2):
 garbage-first heap   total 122880K, used 95355K [0x0000000604000000, 0x0000000800000000)
  region size 4096K, 15 young (61440K), 0 survivors (0K)
 Metaspace       used 94176K, committed 94848K, reserved 1179648K
  class space    used 11900K, committed 12224K, reserved 1048576K
}
Event: 414.291 GC heap after
{Heap after GC invocations=50 (full 2):
 garbage-first heap   total 122880K, used 39740K [0x0000000604000000, 0x0000000800000000)
  region size 4096K, 2 young (8192K), 2 survivors (8192K)
 Metaspace       used 94176K, committed 94848K, reserved 1179648K
  class space    used 11900K, committed 12224K, reserved 1048576K
}
Event: 415.818 GC heap before
{Heap before GC invocations=50 (full 2):
 garbage-first heap   total 122880K, used 92988K [0x0000000604000000, 0x0000000800000000)
  region size 4096K, 15 young (61440K), 2 survivors (8192K)
 Metaspace       used 95186K, committed 95936K, reserved 1179648K
  class space    used 11971K, committed 12352K, reserved 1048576K
}
Event: 415.821 GC heap after
{Heap after GC invocations=51 (full 2):
 garbage-first heap   total 122880K, used 42053K [0x0000000604000000, 0x0000000800000000)
  region size 4096K, 1 young (4096K), 1 survivors (4096K)
 Metaspace       used 95186K, committed 95936K, reserved 1179648K
  class space    used 11971K, committed 12352K, reserved 1048576K
}

Dll operation events (11 events):
Event: 0.007 Loaded shared library C:\eclipse-jee-2023-03-R-win32-x86_64\eclipse\plugins\org.eclipse.justj.openjdk.hotspot.jre.full.win32.x86_64_17.0.7.v20230425-1502\jre\bin\java.dll
Event: 0.173 Loaded shared library C:\eclipse-jee-2023-03-R-win32-x86_64\eclipse\plugins\org.eclipse.justj.openjdk.hotspot.jre.full.win32.x86_64_17.0.7.v20230425-1502\jre\bin\zip.dll
Event: 0.177 Loaded shared library C:\eclipse-jee-2023-03-R-win32-x86_64\eclipse\plugins\org.eclipse.justj.openjdk.hotspot.jre.full.win32.x86_64_17.0.7.v20230425-1502\jre\bin\instrument.dll
Event: 0.185 Loaded shared library C:\eclipse-jee-2023-03-R-win32-x86_64\eclipse\plugins\org.eclipse.justj.openjdk.hotspot.jre.full.win32.x86_64_17.0.7.v20230425-1502\jre\bin\net.dll
Event: 0.186 Loaded shared library C:\eclipse-jee-2023-03-R-win32-x86_64\eclipse\plugins\org.eclipse.justj.openjdk.hotspot.jre.full.win32.x86_64_17.0.7.v20230425-1502\jre\bin\nio.dll
Event: 0.190 Loaded shared library C:\eclipse-jee-2023-03-R-win32-x86_64\eclipse\plugins\org.eclipse.justj.openjdk.hotspot.jre.full.win32.x86_64_17.0.7.v20230425-1502\jre\bin\zip.dll
Event: 0.290 Loaded shared library C:\eclipse-jee-2023-03-R-win32-x86_64\eclipse\plugins\org.eclipse.justj.openjdk.hotspot.jre.full.win32.x86_64_17.0.7.v20230425-1502\jre\bin\jimage.dll
Event: 0.315 Loaded shared library C:\eclipse-jee-2023-03-R-win32-x86_64\eclipse\plugins\org.eclipse.justj.openjdk.hotspot.jre.full.win32.x86_64_17.0.7.v20230425-1502\jre\bin\verify.dll
Event: 0.533 Loaded shared library C:\eclipse-jee-2023-03-R-win32-x86_64\eclipse\plugins\org.eclipse.justj.openjdk.hotspot.jre.full.win32.x86_64_17.0.7.v20230425-1502\jre\bin\management.dll
Event: 0.536 Loaded shared library C:\eclipse-jee-2023-03-R-win32-x86_64\eclipse\plugins\org.eclipse.justj.openjdk.hotspot.jre.full.win32.x86_64_17.0.7.v20230425-1502\jre\bin\management_ext.dll
Event: 3.159 Loaded shared library C:\eclipse-jee-2023-03-R-win32-x86_64\eclipse\plugins\org.eclipse.justj.openjdk.hotspot.jre.full.win32.x86_64_17.0.7.v20230425-1502\jre\bin\sunmscapi.dll

Deoptimization events (20 events):
Event: 415.848 Thread 0x0000015e6e3469f0 DEOPT PACKING pc=0x0000015e38b04bac sp=0x0000001467ffbab0
Event: 415.848 Thread 0x0000015e6e3469f0 DEOPT UNPACKING pc=0x0000015e3f847143 sp=0x0000001467ffb060 mode 1
Event: 415.848 Thread 0x0000015e6e3469f0 DEOPT PACKING pc=0x0000015e38a12c8c sp=0x0000001467ffbc20
Event: 415.848 Thread 0x0000015e6e3469f0 DEOPT UNPACKING pc=0x0000015e3f847143 sp=0x0000001467ffb1f0 mode 1
Event: 415.849 Thread 0x0000015e6e3469f0 DEOPT PACKING pc=0x0000015e38a10f29 sp=0x0000001467ffaf00
Event: 415.849 Thread 0x0000015e6e3469f0 DEOPT UNPACKING pc=0x0000015e3f847143 sp=0x0000001467ffa3d8 mode 1
Event: 415.849 Thread 0x0000015e6e3469f0 DEOPT PACKING pc=0x0000015e38b04bac sp=0x0000001467ffaf90
Event: 415.849 Thread 0x0000015e6e3469f0 DEOPT UNPACKING pc=0x0000015e3f847143 sp=0x0000001467ffa540 mode 1
Event: 415.849 Thread 0x0000015e6e3469f0 DEOPT PACKING pc=0x0000015e38a12c8c sp=0x0000001467ffb100
Event: 415.849 Thread 0x0000015e6e3469f0 DEOPT UNPACKING pc=0x0000015e3f847143 sp=0x0000001467ffa6d0 mode 1
Event: 415.849 Thread 0x0000015e6e3469f0 DEOPT PACKING pc=0x0000015e38a10f29 sp=0x0000001467ffcf30
Event: 415.849 Thread 0x0000015e6e3469f0 DEOPT UNPACKING pc=0x0000015e3f847143 sp=0x0000001467ffc408 mode 1
Event: 415.849 Thread 0x0000015e6e3469f0 DEOPT PACKING pc=0x0000015e38b04bac sp=0x0000001467ffcfc0
Event: 415.849 Thread 0x0000015e6e3469f0 DEOPT UNPACKING pc=0x0000015e3f847143 sp=0x0000001467ffc570 mode 1
Event: 415.849 Thread 0x0000015e6e3469f0 DEOPT PACKING pc=0x0000015e38a12c8c sp=0x0000001467ffd130
Event: 415.849 Thread 0x0000015e6e3469f0 DEOPT UNPACKING pc=0x0000015e3f847143 sp=0x0000001467ffc700 mode 1
Event: 415.851 Thread 0x0000015e6e3469f0 DEOPT PACKING pc=0x0000015e38a10f29 sp=0x0000001467ffc3a0
Event: 415.851 Thread 0x0000015e6e3469f0 DEOPT UNPACKING pc=0x0000015e3f847143 sp=0x0000001467ffb878 mode 1
Event: 415.851 Thread 0x0000015e6e3469f0 DEOPT PACKING pc=0x0000015e38b04bac sp=0x0000001467ffc430
Event: 415.851 Thread 0x0000015e6e3469f0 DEOPT UNPACKING pc=0x0000015e3f847143 sp=0x0000001467ffb9f0 mode 1

Classes unloaded (3 events):
Event: 15.680 Thread 0x0000015e5aee62b0 Unloading class 0x00000008009d4000 'jdk/internal/reflect/GeneratedSerializationConstructorAccessor1'
Event: 413.727 Thread 0x0000015e5aee62b0 Unloading class 0x0000000800c15800 'jdk/internal/reflect/GeneratedSerializationConstructorAccessor2'
Event: 413.727 Thread 0x0000015e5aee62b0 Unloading class 0x0000000800bb0800 'org/apache/catalina/loader/JdbcLeakPrevention'

Classes redefined (3 events):
Event: 209.689 Thread 0x0000015e5aee62b0 redefined class name=com.project.bookforeast.user.controller.UserController, count=1
Event: 412.708 Thread 0x0000015e5aee62b0 redefined class name=com.project.bookforeast.user.controller.UserController, count=1
Event: 412.708 Thread 0x0000015e5aee62b0 redefined class name=com.project.bookforeast.user.controller.UserController, count=2

Internal exceptions (20 events):
Event: 413.713 Thread 0x0000015e6e3439d0 Exception <a 'java/net/SocketException'{0x000000060a8a3558}: Connection reset by peer: shutdown> (0x000000060a8a3558) 
thrown [s\src\hotspot\share\prims\jni.cpp, line 535]
Event: 413.771 Thread 0x0000015e6e3469f0 Exception <a 'sun/nio/fs/WindowsException'{0x000000060b4a4650}> (0x000000060b4a4650) 
thrown [s\src\hotspot\share\prims\jni.cpp, line 516]
Event: 413.790 Thread 0x0000015e6e3469f0 Exception <a 'sun/nio/fs/WindowsException'{0x000000060b6e17a0}> (0x000000060b6e17a0) 
thrown [s\src\hotspot\share\prims\jni.cpp, line 516]
Event: 414.071 Thread 0x0000015e6e3469f0 Exception <a 'sun/nio/fs/WindowsException'{0x0000000609b96730}> (0x0000000609b96730) 
thrown [s\src\hotspot\share\prims\jni.cpp, line 516]
Event: 414.090 Thread 0x0000015e6e3469f0 Exception <a 'sun/nio/fs/WindowsException'{0x00000006095d3490}> (0x00000006095d3490) 
thrown [s\src\hotspot\share\prims\jni.cpp, line 516]
Event: 414.101 Thread 0x0000015e6e3469f0 Exception <a 'sun/nio/fs/WindowsException'{0x0000000609717b10}> (0x0000000609717b10) 
thrown [s\src\hotspot\share\prims\jni.cpp, line 516]
Event: 414.161 Thread 0x0000015e6e3469f0 Exception <a 'java/lang/NoClassDefFoundError'{0x0000000608dc71d8}: org/flywaydb/core/Flyway> (0x0000000608dc71d8) 
thrown [s\src\hotspot\share\oops\constantPool.cpp, line 835]
Event: 414.162 Thread 0x0000015e6e3469f0 Exception <a 'java/lang/NoClassDefFoundError'{0x0000000608dc7828}: liquibase/integration/spring/SpringLiquibase> (0x0000000608dc7828) 
thrown [s\src\hotspot\share\oops\constantPool.cpp, line 835]
Event: 414.165 Thread 0x0000015e6e3469f0 Exception <a 'java/lang/NoClassDefFoundError'{0x0000000608e4e0d8}: org/jooq/DSLContext> (0x0000000608e4e0d8) 
thrown [s\src\hotspot\share\oops\constantPool.cpp, line 835]
Event: 414.166 Thread 0x0000015e6e3469f0 Exception <a 'java/lang/NoClassDefFoundError'{0x0000000608e628b8}: org/springframework/batch/core/repository/JobRepository> (0x0000000608e628b8) 
thrown [s\src\hotspot\share\oops\constantPool.cpp, line 835]
Event: 414.167 Thread 0x0000015e6e3469f0 Exception <a 'java/lang/NoClassDefFoundError'{0x0000000608e62f00}: org/quartz/Scheduler> (0x0000000608e62f00) 
thrown [s\src\hotspot\share\oops\constantPool.cpp, line 835]
Event: 414.167 Thread 0x0000015e6e3469f0 Exception <a 'java/lang/NoClassDefFoundError'{0x0000000608e63570}: org/springframework/session/jdbc/JdbcIndexedSessionRepository> (0x0000000608e63570) 
thrown [s\src\hotspot\share\oops\constantPool.cpp, line 835]
Event: 414.208 Thread 0x0000015e6e3469f0 Exception <a 'sun/nio/fs/WindowsException'{0x000000060877e9c8}> (0x000000060877e9c8) 
thrown [s\src\hotspot\share\prims\jni.cpp, line 516]
Event: 414.208 Thread 0x0000015e6e3469f0 Exception <a 'sun/nio/fs/WindowsException'{0x000000060877f0f0}> (0x000000060877f0f0) 
thrown [s\src\hotspot\share\prims\jni.cpp, line 516]
Event: 414.208 Thread 0x0000015e6e3469f0 Exception <a 'sun/nio/fs/WindowsException'{0x000000060877f7e8}> (0x000000060877f7e8) 
thrown [s\src\hotspot\share\prims\jni.cpp, line 516]
Event: 414.219 Thread 0x0000015e6e3469f0 Exception <a 'java/io/FileNotFoundException'{0x00000006087bf5c8}> (0x00000006087bf5c8) 
thrown [s\src\hotspot\share\prims\jni.cpp, line 516]
Event: 414.273 Thread 0x0000015e6e3469f0 Exception <a 'sun/nio/fs/WindowsException'{0x0000000607e8f9e0}> (0x0000000607e8f9e0) 
thrown [s\src\hotspot\share\prims\jni.cpp, line 516]
Event: 415.823 Thread 0x0000015e6e3469f0 Exception <a 'java/lang/reflect/InvocationTargetException'{0x000000060b7a0968}> (0x000000060b7a0968) 
thrown [s\src\hotspot\share\runtime\reflection.cpp, line 1121]
Event: 415.824 Thread 0x0000015e6e3469f0 Exception <a 'java/lang/reflect/InvocationTargetException'{0x000000060b7af360}> (0x000000060b7af360) 
thrown [s\src\hotspot\share\runtime\reflection.cpp, line 1121]
Event: 415.833 Thread 0x0000015e6e3469f0 Exception <a 'java/io/FileNotFoundException'{0x000000060b107b40}> (0x000000060b107b40) 
thrown [s\src\hotspot\share\prims\jni.cpp, line 516]

VM Operations (20 events):
Event: 416.213 Executing VM operation: get/set locals
Event: 416.213 Executing VM operation: get/set locals done
Event: 416.213 Executing VM operation: get/set locals
Event: 416.214 Executing VM operation: get/set locals done
Event: 416.214 Executing VM operation: get/set locals
Event: 416.214 Executing VM operation: get/set locals done
Event: 416.214 Executing VM operation: get/set locals
Event: 416.215 Executing VM operation: get/set locals done
Event: 416.215 Executing VM operation: get/set locals
Event: 416.215 Executing VM operation: get/set locals done
Event: 416.215 Executing VM operation: get/set locals
Event: 416.215 Executing VM operation: get/set locals done
Event: 416.216 Executing VM operation: get/set locals
Event: 416.216 Executing VM operation: get/set locals done
Event: 416.216 Executing VM operation: get/set locals
Event: 416.216 Executing VM operation: get/set locals done
Event: 416.217 Executing VM operation: get/set locals
Event: 416.217 Executing VM operation: get/set locals done
Event: 416.217 Executing VM operation: get/set locals
Event: 416.217 Executing VM operation: get/set locals done

Events (20 events):
Event: 414.532 Thread 0x0000015e72dafd20 Thread added: 0x0000015e72dafd20
Event: 414.614 Thread 0x0000015e72db0c50 Thread added: 0x0000015e72db0c50
Event: 414.827 Thread 0x0000015e72dafd20 Thread exited: 0x0000015e72dafd20
Event: 415.056 Thread 0x0000015e72daf810 Thread exited: 0x0000015e72daf810
Event: 415.056 Thread 0x0000015e72daedf0 Thread exited: 0x0000015e72daedf0
Event: 415.056 Thread 0x0000015e72db0740 Thread exited: 0x0000015e72db0740
Event: 415.056 Thread 0x0000015e72daca80 Thread exited: 0x0000015e72daca80
Event: 415.070 Thread 0x0000015e72daa200 Thread exited: 0x0000015e72daa200
Event: 415.070 Thread 0x0000015e72dae3d0 Thread exited: 0x0000015e72dae3d0
Event: 415.652 Thread 0x0000015e72db0c50 Thread exited: 0x0000015e72db0c50
Event: 415.696 Thread 0x0000015e72daf300 Thread exited: 0x0000015e72daf300
Event: 415.807 Thread 0x0000015e72daa200 Thread added: 0x0000015e72daa200
Event: 415.809 Thread 0x0000015e72dad9b0 Thread added: 0x0000015e72dad9b0
Event: 415.833 Thread 0x0000015e6e3451e0 Thread added: 0x0000015e6e3451e0
Event: 415.834 Thread 0x0000015e6e344840 Thread added: 0x0000015e6e344840
Event: 415.834 Thread 0x0000015e6e343ea0 Thread added: 0x0000015e6e343ea0
Event: 419.704 Thread 0x0000015e6e3439d0 Thread exited: 0x0000015e6e3439d0
Event: 420.860 Thread 0x0000015e72dad9b0 Thread exited: 0x0000015e72dad9b0
Event: 420.860 Thread 0x0000015e72daac20 Thread exited: 0x0000015e72daac20
Event: 420.875 Thread 0x0000015e72daa200 Thread exited: 0x0000015e72daa200


Dynamic libraries:
0x00007ff774e60000 - 0x00007ff774e6e000 	C:\eclipse-jee-2023-03-R-win32-x86_64\eclipse\plugins\org.eclipse.justj.openjdk.hotspot.jre.full.win32.x86_64_17.0.7.v20230425-1502\jre\bin\javaw.exe
0x00007fff3c5f0000 - 0x00007fff3c807000 	C:\Windows\SYSTEM32\ntdll.dll
0x00007fff3aa00000 - 0x00007fff3aac4000 	C:\Windows\System32\KERNEL32.DLL
0x00007fff39db0000 - 0x00007fff3a155000 	C:\Windows\System32\KERNELBASE.dll
0x00007fff399d0000 - 0x00007fff39ae1000 	C:\Windows\System32\ucrtbase.dll
0x00007fff22540000 - 0x00007fff22559000 	C:\eclipse-jee-2023-03-R-win32-x86_64\eclipse\plugins\org.eclipse.justj.openjdk.hotspot.jre.full.win32.x86_64_17.0.7.v20230425-1502\jre\bin\VCRUNTIME140.dll
0x00007fff281f0000 - 0x00007fff28207000 	C:\eclipse-jee-2023-03-R-win32-x86_64\eclipse\plugins\org.eclipse.justj.openjdk.hotspot.jre.full.win32.x86_64_17.0.7.v20230425-1502\jre\bin\jli.dll
0x00007fff3abf0000 - 0x00007fff3ad9e000 	C:\Windows\System32\USER32.dll
0x00007fff39d80000 - 0x00007fff39da6000 	C:\Windows\System32\win32u.dll
0x00007fff3a5f0000 - 0x00007fff3a619000 	C:\Windows\System32\GDI32.dll
0x00007fff3a220000 - 0x00007fff3a339000 	C:\Windows\System32\gdi32full.dll
0x00007fff39c60000 - 0x00007fff39cfa000 	C:\Windows\System32\msvcp_win.dll
0x00007fff21e90000 - 0x00007fff22123000 	C:\Windows\WinSxS\amd64_microsoft.windows.common-controls_6595b64144ccf1df_6.0.22621.2506_none_270c5ae97388e100\COMCTL32.dll
0x00007fff3a3e0000 - 0x00007fff3a487000 	C:\Windows\System32\msvcrt.dll
0x00007fff3a3a0000 - 0x00007fff3a3d1000 	C:\Windows\System32\IMM32.DLL
0x00007fff23e50000 - 0x00007fff23e5c000 	C:\eclipse-jee-2023-03-R-win32-x86_64\eclipse\plugins\org.eclipse.justj.openjdk.hotspot.jre.full.win32.x86_64_17.0.7.v20230425-1502\jre\bin\vcruntime140_1.dll
0x00007fff11710000 - 0x00007fff117a1000 	C:\eclipse-jee-2023-03-R-win32-x86_64\eclipse\plugins\org.eclipse.justj.openjdk.hotspot.jre.full.win32.x86_64_17.0.7.v20230425-1502\jre\bin\msvcp140.dll
0x00007ffecd110000 - 0x00007ffecdd58000 	C:\eclipse-jee-2023-03-R-win32-x86_64\eclipse\plugins\org.eclipse.justj.openjdk.hotspot.jre.full.win32.x86_64_17.0.7.v20230425-1502\jre\bin\server\jvm.dll
0x00007fff3b0c0000 - 0x00007fff3b171000 	C:\Windows\System32\ADVAPI32.dll
0x00007fff3c040000 - 0x00007fff3c0e6000 	C:\Windows\System32\sechost.dll
0x00007fff3b180000 - 0x00007fff3b297000 	C:\Windows\System32\RPCRT4.dll
0x00007fff0eab0000 - 0x00007fff0eab9000 	C:\Windows\SYSTEM32\WSOCK32.dll
0x00007fff3c370000 - 0x00007fff3c3e1000 	C:\Windows\System32\WS2_32.dll
0x00007fff251a0000 - 0x00007fff251d4000 	C:\Windows\SYSTEM32\WINMM.dll
0x00007fff1cd40000 - 0x00007fff1cd4a000 	C:\Windows\SYSTEM32\VERSION.dll
0x00007fff389b0000 - 0x00007fff389c8000 	C:\Windows\SYSTEM32\kernel.appcore.dll
0x00007fff31f10000 - 0x00007fff31f1a000 	C:\eclipse-jee-2023-03-R-win32-x86_64\eclipse\plugins\org.eclipse.justj.openjdk.hotspot.jre.full.win32.x86_64_17.0.7.v20230425-1502\jre\bin\jimage.dll
0x00007fff08780000 - 0x00007fff089b3000 	C:\Windows\SYSTEM32\DBGHELP.DLL
0x00007fff3a670000 - 0x00007fff3a9f9000 	C:\Windows\System32\combase.dll
0x00007fff3c290000 - 0x00007fff3c367000 	C:\Windows\System32\OLEAUT32.dll
0x00007fff077f0000 - 0x00007fff07822000 	C:\Windows\SYSTEM32\dbgcore.DLL
0x00007fff39d00000 - 0x00007fff39d7a000 	C:\Windows\System32\bcryptPrimitives.dll
0x00007ffefb600000 - 0x00007ffefb63b000 	C:\eclipse-jee-2023-03-R-win32-x86_64\eclipse\plugins\org.eclipse.justj.openjdk.hotspot.jre.full.win32.x86_64_17.0.7.v20230425-1502\jre\bin\jdwp.dll
0x00007fff28530000 - 0x00007fff2853e000 	C:\eclipse-jee-2023-03-R-win32-x86_64\eclipse\plugins\org.eclipse.justj.openjdk.hotspot.jre.full.win32.x86_64_17.0.7.v20230425-1502\jre\bin\instrument.dll
0x00007fff25a00000 - 0x00007fff25a25000 	C:\eclipse-jee-2023-03-R-win32-x86_64\eclipse\plugins\org.eclipse.justj.openjdk.hotspot.jre.full.win32.x86_64_17.0.7.v20230425-1502\jre\bin\java.dll
0x00007fff25e50000 - 0x00007fff25e68000 	C:\eclipse-jee-2023-03-R-win32-x86_64\eclipse\plugins\org.eclipse.justj.openjdk.hotspot.jre.full.win32.x86_64_17.0.7.v20230425-1502\jre\bin\zip.dll
0x00007fff3b7e0000 - 0x00007fff3c039000 	C:\Windows\System32\SHELL32.dll
0x00007fff37830000 - 0x00007fff38124000 	C:\Windows\SYSTEM32\windows.storage.dll
0x00007fff376f0000 - 0x00007fff3782e000 	C:\Windows\SYSTEM32\wintypes.dll
0x00007fff3aad0000 - 0x00007fff3abc3000 	C:\Windows\System32\SHCORE.dll
0x00007fff3a340000 - 0x00007fff3a39e000 	C:\Windows\System32\shlwapi.dll
0x00007fff39890000 - 0x00007fff398b6000 	C:\Windows\SYSTEM32\profapi.dll
0x00007fff34c10000 - 0x00007fff34c1c000 	C:\eclipse-jee-2023-03-R-win32-x86_64\eclipse\plugins\org.eclipse.justj.openjdk.hotspot.jre.full.win32.x86_64_17.0.7.v20230425-1502\jre\bin\dt_socket.dll
0x00007fff38410000 - 0x00007fff3843d000 	C:\Windows\SYSTEM32\IPHLPAPI.DLL
0x00007fff38e80000 - 0x00007fff38ee9000 	C:\Windows\system32\mswsock.dll
0x00007fff38480000 - 0x00007fff38579000 	C:\Windows\SYSTEM32\DNSAPI.dll
0x00007fff3b2a0000 - 0x00007fff3b2a9000 	C:\Windows\System32\NSI.dll
0x00007fff328c0000 - 0x00007fff328ca000 	C:\Windows\System32\rasadhlp.dll
0x00007fff329a0000 - 0x00007fff32a23000 	C:\Windows\System32\fwpuclnt.dll
0x00007fff251e0000 - 0x00007fff251f9000 	C:\eclipse-jee-2023-03-R-win32-x86_64\eclipse\plugins\org.eclipse.justj.openjdk.hotspot.jre.full.win32.x86_64_17.0.7.v20230425-1502\jre\bin\net.dll
0x00007fff33210000 - 0x00007fff33347000 	C:\Windows\SYSTEM32\WINHTTP.dll
0x00007fff23e60000 - 0x00007fff23e75000 	C:\eclipse-jee-2023-03-R-win32-x86_64\eclipse\plugins\org.eclipse.justj.openjdk.hotspot.jre.full.win32.x86_64_17.0.7.v20230425-1502\jre\bin\nio.dll
0x00007fff28380000 - 0x00007fff28390000 	C:\eclipse-jee-2023-03-R-win32-x86_64\eclipse\plugins\org.eclipse.justj.openjdk.hotspot.jre.full.win32.x86_64_17.0.7.v20230425-1502\jre\bin\verify.dll
0x00007fff2a3d0000 - 0x00007fff2a3d9000 	C:\eclipse-jee-2023-03-R-win32-x86_64\eclipse\plugins\org.eclipse.justj.openjdk.hotspot.jre.full.win32.x86_64_17.0.7.v20230425-1502\jre\bin\management.dll
0x00007fff23160000 - 0x00007fff2316b000 	C:\eclipse-jee-2023-03-R-win32-x86_64\eclipse\plugins\org.eclipse.justj.openjdk.hotspot.jre.full.win32.x86_64_17.0.7.v20230425-1502\jre\bin\management_ext.dll
0x00007fff3a490000 - 0x00007fff3a498000 	C:\Windows\System32\PSAPI.DLL
0x00007fff391d0000 - 0x00007fff391eb000 	C:\Windows\SYSTEM32\CRYPTSP.dll
0x00007fff38970000 - 0x00007fff389a5000 	C:\Windows\system32\rsaenh.dll
0x00007fff38f20000 - 0x00007fff38f4c000 	C:\Windows\SYSTEM32\USERENV.dll
0x00007fff392f0000 - 0x00007fff39318000 	C:\Windows\SYSTEM32\bcrypt.dll
0x00007fff391b0000 - 0x00007fff391bc000 	C:\Windows\SYSTEM32\CRYPTBASE.dll
0x00007fff33100000 - 0x00007fff33119000 	C:\Windows\SYSTEM32\dhcpcsvc6.DLL
0x00007fff330e0000 - 0x00007fff330ff000 	C:\Windows\SYSTEM32\dhcpcsvc.DLL
0x00007fff28300000 - 0x00007fff2830e000 	C:\eclipse-jee-2023-03-R-win32-x86_64\eclipse\plugins\org.eclipse.justj.openjdk.hotspot.jre.full.win32.x86_64_17.0.7.v20230425-1502\jre\bin\sunmscapi.dll
0x00007fff39af0000 - 0x00007fff39c56000 	C:\Windows\System32\CRYPT32.dll
0x00007fff392c0000 - 0x00007fff392ed000 	C:\Windows\SYSTEM32\ncrypt.dll
0x00007fff39280000 - 0x00007fff392b7000 	C:\Windows\SYSTEM32\NTASN1.dll
0x00007fff23050000 - 0x00007fff23058000 	C:\Windows\system32\wshunix.dll

dbghelp: loaded successfully - version: 4.0.5 - missing functions: none
symbol engine: initialized successfully - sym options: 0x614 - pdb path: .;C:\eclipse-jee-2023-03-R-win32-x86_64\eclipse\plugins\org.eclipse.justj.openjdk.hotspot.jre.full.win32.x86_64_17.0.7.v20230425-1502\jre\bin;C:\Windows\SYSTEM32;C:\Windows\WinSxS\amd64_microsoft.windows.common-controls_6595b64144ccf1df_6.0.22621.2506_none_270c5ae97388e100;C:\eclipse-jee-2023-03-R-win32-x86_64\eclipse\plugins\org.eclipse.justj.openjdk.hotspot.jre.full.win32.x86_64_17.0.7.v20230425-1502\jre\bin\server

VM Arguments:
jvm_args: -XX:+ShowCodeDetailsInExceptionMessages -agentlib:jdwp=transport=dt_socket,suspend=y,address=localhost:56424 -javaagent:C:\eclipse-jee-2023-03-R-win32-x86_64\eclipse\configuration\org.eclipse.osgi\424\0\.cp\lib\javaagent-shaded.jar -Dfile.encoding=UTF-8 
java_command: com.project.bookforeast.BookforeastApplication
java_class_path (initial): C:\Users\kimgabin\git\bookforeast\bookforeast\target\classes;C:\Users\kimgabin\.m2\repository\org\springframework\boot\spring-boot-starter-data-jdbc\3.1.4\spring-boot-starter-data-jdbc-3.1.4.jar;C:\Users\kimgabin\.m2\repository\org\springframework\boot\spring-boot-starter-jdbc\3.1.4\spring-boot-starter-jdbc-3.1.4.jar;C:\Users\kimgabin\.m2\repository\com\zaxxer\HikariCP\5.0.1\HikariCP-5.0.1.jar;C:\Users\kimgabin\.m2\repository\org\springframework\spring-jdbc\6.0.12\spring-jdbc-6.0.12.jar;C:\Users\kimgabin\.m2\repository\org\springframework\data\spring-data-jdbc\3.1.4\spring-data-jdbc-3.1.4.jar;C:\Users\kimgabin\.m2\repository\org\springframework\data\spring-data-relational\3.1.4\spring-data-relational-3.1.4.jar;C:\Users\kimgabin\.m2\repository\org\springframework\data\spring-data-commons\3.1.4\spring-data-commons-3.1.4.jar;C:\Users\kimgabin\.m2\repository\org\springframework\spring-tx\6.0.12\spring-tx-6.0.12.jar;C:\Users\kimgabin\.m2\repository\org\springframework\spring-context\6.0.12\spring-context-6.0.12.jar;C:\Users\kimgabin\.m2\repository\org\springframework\spring-beans\6.0.12\spring-beans-6.0.12.jar;C:\Users\kimgabin\.m2\repository\org\slf4j\slf4j-api\2.0.9\slf4j-api-2.0.9.jar;C:\Users\kimgabin\.m2\repository\org\springframework\boot\spring-boot-starter-data-jpa\3.1.4\spring-boot-starter-data-jpa-3.1.4.jar;C:\Users\kimgabin\.m2\repository\org\springframework\boot\spring-boot-starter-aop\3.1.4\spring-boot-starter-aop-3.1.4.jar;C:\Users\kimgabin\.m2\repository\org\aspectj\aspectjweaver\1.9.20\aspectjweaver-1.9.20.jar;C:\Users\kimgabin\.m2\repository\org\hibernate\orm\hibernate-core\6.2.9.Final\hibernate-core-6.2.9.Final.jar;C:\Users\kimgabin\.m2\repository\jakarta\persistence\jakarta.persistence-api\3.1.0\jakarta.persistence-api-3.1.0.jar;C:\Users\kimgabin\.m2\repository\jakarta\transaction\jakarta.transaction-api\2.0.1\jakarta.transaction-api-2.0.1.jar;C:\Users\kimgabin\.m2\repository\org\jboss\logging\jboss-logging\3.5.3.Final\jbos
Launcher Type: SUN_STANDARD

[Global flags]
     intx CICompilerCount                          = 12                                        {product} {ergonomic}
     uint ConcGCThreads                            = 4                                         {product} {ergonomic}
     uint G1ConcRefinementThreads                  = 15                                        {product} {ergonomic}
   size_t G1HeapRegionSize                         = 4194304                                   {product} {ergonomic}
    uintx GCDrainStackTargetSize                   = 64                                        {product} {ergonomic}
   size_t InitialHeapSize                          = 532676608                                 {product} {ergonomic}
   size_t MarkStackSize                            = 4194304                                   {product} {ergonomic}
   size_t MaxHeapSize                              = 8522825728                                {product} {ergonomic}
   size_t MaxNewSize                               = 5112856576                                {product} {ergonomic}
   size_t MinHeapDeltaBytes                        = 4194304                                   {product} {ergonomic}
   size_t MinHeapSize                              = 8388608                                   {product} {ergonomic}
    uintx NonNMethodCodeHeapSize                   = 7602480                                {pd product} {ergonomic}
    uintx NonProfiledCodeHeapSize                  = 122027880                              {pd product} {ergonomic}
    uintx ProfiledCodeHeapSize                     = 122027880                              {pd product} {ergonomic}
    uintx ReservedCodeCacheSize                    = 251658240                              {pd product} {ergonomic}
     bool SegmentedCodeCache                       = true                                      {product} {ergonomic}
     bool ShowCodeDetailsInExceptionMessages       = true                                   {manageable} {command line}
   size_t SoftMaxHeapSize                          = 8522825728                             {manageable} {ergonomic}
     bool UseCompressedClassPointers               = true                           {product lp64_product} {ergonomic}
     bool UseCompressedOops                        = true                           {product lp64_product} {ergonomic}
     bool UseG1GC                                  = true                                      {product} {ergonomic}
     bool UseLargePagesIndividualAllocation        = false                                  {pd product} {ergonomic}

Logging:
Log output configuration:
 #0: stdout all=warning uptime,level,tags
 #1: stderr all=off uptime,level,tags

Environment Variables:
JAVA_HOME=C:\Program Files\Java\jdk1.8.0_351
PATH=C:\eclipse-jee-2023-03-R-win32-x86_64\eclipse\plugins\org.eclipse.justj.openjdk.hotspot.jre.full.win32.x86_64_17.0.7.v20230425-1502\jre\bin;C:/eclipse-jee-2023-03-R-win32-x86_64/eclipse//plugins/org.eclipse.justj.openjdk.hotspot.jre.full.win32.x86_64_17.0.7.v20230425-1502/jre/bin/server;C:/eclipse-jee-2023-03-R-win32-x86_64/eclipse//plugins/org.eclipse.justj.openjdk.hotspot.jre.full.win32.x86_64_17.0.7.v20230425-1502/jre/bin;C:\Program Files\Eclipse Adoptium\jdk-17.0.8.7-hotspot\bin;C:\Program Files\Java\jdk-20;C:\Program Files\Java\jdk1.8.0_351\bin\;C:\Windows\system32;C:\Windows;C:\Windows\System32\Wbem;C:\Windows\System32\WindowsPowerShell\v1.0\;C:\Windows\System32\OpenSSH\;C:\Users\kimgabin\AppData\Local\Microsoft\WindowsApps;C:\TmaxData\tibero6\bin;C:\TmaxData\tibero6\client\bin;C:\TmaxData\tibero6\bin;C:\TmaxData\tibero6\client\bin;C:\TmaxData\tibero6\bin;C:\TmaxData\tibero6\client\bin;C:\Program Files\Bandizip\;C:\Program Files\Git\cmd;C:\Program Files\Docker\Docker\resources\bin;C:\Program Files\nodejs\;C:\Program Files\MySQL\MySQL Shell 8.0\bin\;C:\Gradle\gradle-8.2.1\bin;C:\ProgramData\chocolatey\bin;C:\Program Files (x86)\Windows Kits\10\Windows Performance Toolkit\;C:\Program Files\PuTTY\;C:\Users\kimgabin\AppData\Local\Programs\Python\Launcher\;C:\Users\kimgabin\AppData\Local\Microsoft\WindowsApps;;C:\Users\kimgabin\AppData\Local\Programs\Microsoft VS Code\bin;C:\Users\kimgabin\AppData\Roaming\npm;C:\eclipse-jee-2023-03-R-win32-x86_64\eclipse;
USERNAME=kimgabin
OS=Windows_NT
PROCESSOR_IDENTIFIER=Intel64 Family 6 Model 151 Stepping 2, GenuineIntel
TMP=C:\Users\kimgabin\AppData\Local\Temp
TEMP=C:\Users\kimgabin\AppData\Local\Temp



---------------  S Y S T E M  ---------------

OS:
 Windows 11 , 64 bit Build 22621 (10.0.22621.2506)
OS uptime: 3 days 5:01 hours
Hyper-V role detected

CPU: total 20 (initial active 20) (10 cores per cpu, 2 threads per core) family 6 model 151 stepping 2 microcode 0x23, cx8, cmov, fxsr, ht, mmx, 3dnowpref, sse, sse2, sse3, ssse3, sse4.1, sse4.2, popcnt, lzcnt, tsc, tscinvbit, avx, avx2, aes, erms, clmul, bmi1, bmi2, adx, sha, fma, vzeroupper, clflush, clflushopt, clwb, hv

Memory: 4k page, system-wide physical 32509M (14595M free)
TotalPageFile size 41213M (AvailPageFile size 15154M)
current process WorkingSet (physical memory assigned to process): 359M, peak: 633M
current process commit charge ("private bytes"): 407M, peak: 783M

vm_info: OpenJDK 64-Bit Server VM (17.0.7+7) for windows-amd64 JRE (17.0.7+7), built on Apr 18 2023 22:10:42 by "temurin" with MS VC++ 16.7 (VS2019)

END.
