#
# A fatal error has been detected by the Java Runtime Environment:
#
#  EXCEPTION_ACCESS_VIOLATION (0xc0000005) at pc=0x00007ffecd34ee03, pid=17784, tid=19436
#
# JRE version: OpenJDK Runtime Environment Temurin-17.0.7+7 (17.0.7+7) (build 17.0.7+7)
# Java VM: OpenJDK 64-Bit Server VM Temurin-17.0.7+7 (17.0.7+7, mixed mode, tiered, compressed oops, compressed class ptrs, g1 gc, windows-amd64)
# Problematic frame:
# V  [jvm.dll+0x23ee03]
#
# No core dump will be written. Minidumps are not enabled by default on client versions of Windows
#
# If you would like to submit a bug report, please visit:
#   https://github.com/adoptium/adoptium-support/issues
#

---------------  S U M M A R Y ------------

Command Line: -XX:+ShowCodeDetailsInExceptionMessages -agentlib:jdwp=transport=dt_socket,suspend=y,address=localhost:63587 -javaagent:C:\eclipse-jee-2023-03-R-win32-x86_64\eclipse\configuration\org.eclipse.osgi\424\0\.cp\lib\javaagent-shaded.jar -Dfile.encoding=UTF-8 com.project.bookforeast.BookforeastApplication

Host: 12th Gen Intel(R) Core(TM) i7-12700, 20 cores, 31G,  Windows 11 , 64 bit Build 22621 (10.0.22621.2506)
Time: Fri Dec  8 15:27:42 2023  Windows 11 , 64 bit Build 22621 (10.0.22621.2506) elapsed time: 424.288814 seconds (0d 0h 7m 4s)

---------------  T H R E A D  ---------------

Current thread (0x0000019cbb59c410):  JavaThread "JDWP Transport Listener: dt_socket" daemon [_thread_in_vm, id=19436, stack(0x0000000298500000,0x0000000298600000)]

Stack: [0x0000000298500000,0x0000000298600000],  sp=0x00000002985feb98,  free space=1018k
Native frames: (J=compiled Java code, j=interpreted, Vv=VM code, C=native code)
V  [jvm.dll+0x23ee03]


siginfo: EXCEPTION_ACCESS_VIOLATION (0xc0000005), reading address 0x0000019cd65bedfa


Register to memory mapping:

RIP=0x00007ffecd34ee03 jvm.dll
RAX=0x000000000000fb10 is an unknown value
RBX=0x0000000000000052 is an unknown value
RCX=0x0000019cd6541530 is pointing into metadata
RDX=0x000000000000fb10 is an unknown value
RSP=0x00000002985feb98 is pointing into the stack for thread: 0x0000019cbb59c410
RBP=0x00000002985febf1 is pointing into the stack for thread: 0x0000019cbb59c410
RSI=0x0000000000000003 is an unknown value
RDI=0x0000019cd65414be is pointing into metadata
R8 =0x0 is NULL
R9 =0x00000000ffffffff is an unknown value
R10=0x0000019cd65414ba is pointing into metadata
R11=0x00000002985fec48 is pointing into the stack for thread: 0x0000019cbb59c410
R12=0x00000002985fee80 is pointing into the stack for thread: 0x0000019cbb59c410
R13=0x0 is NULL
R14=0x0000000000000052 is an unknown value
R15=0x0000000800ebd090 is a pointer to class: 
com.project.bookforeast.user.controller.UserController {0x0000000800ebd098}
 - instance size:     3
 - klass size:        68
 - access:            public synchronized 
 - state:             allocated
 - name:              'com/project/bookforeast/user/controller/UserController'
 - super:             'java/lang/Object'
 - sub:               
 - arrays:            NULL
 - methods:           Array<T>(0x0000019cd6541030)
 - method ordering:   Array<T>(0x0000019cd6541470)
 - default_methods:   Array<T>(0x0000000000000000)
 - local interfaces:  Array<T>(0x0000019cbc000058)
 - trans. interfaces: Array<T>(0x0000019cbc000058)
 - constants:         constant pool [136] {0x0000019cd6541538} for 'com/project/bookforeast/user/controller/UserController'
 - class loader data:  loader data: 0x0000019ccc17c5c0 for instance a 'org/springframework/boot/devtools/restart/classloader/RestartClassLoader'{0x0000000608400180}
 - source file:       'UserController.java'
 - source debug extension:       SMAP
UserController.java
Java
*S jdt
*F
1 UserController.java
2 file:/C:/Users/kimgabin/git/bookforeast/bookforeast/target/classes/
*L
*E

 - class annotations:       Array<T>(0x0000019cd6541430)
 - class type annotations:  Array<T>(0x0000000000000000)
 - field annotations:       Array<T>(0x0000000000000000)
 - field type annotations:  Array<T>(0x0000000000000000)
 - inner classes:     Array<T>(0x0000019cbc000028)
 - nest members:     Array<T>(0x0000019cbc000028)
 - permitted subclasses:     Array<T>(0x0000019cbc000028)
 - java mirror:       a 'java/lang/Class'{0x0000000609d5c868} = 'com/project/bookforeast/user/controller/UserController'
 - vtable length      8  (start addr: 0x0000000800ebd258)
 - itable length      2 (start addr: 0x0000000800ebd298)
 - ---- static fields (0 words):
 - ---- non-static fields (3 words):
 - private final 'userService' 'Lcom/project/bookforeast/user/service/UserService;' @12 
 - private final 'securityService' 'Lcom/project/bookforeast/common/security/service/SecurityService;' @16 
 - private final 'jwtUtil' 'Lcom/project/bookforeast/common/security/service/JwtUtil;' @20 
 - non-static oop maps: 12-20 


Registers:
RAX=0x000000000000fb10, RBX=0x0000000000000052, RCX=0x0000019cd6541530, RDX=0x000000000000fb10
RSP=0x00000002985feb98, RBP=0x00000002985febf1, RSI=0x0000000000000003, RDI=0x0000019cd65414be
R8 =0x0000000000000000, R9 =0x00000000ffffffff, R10=0x0000019cd65414ba, R11=0x00000002985fec48
R12=0x00000002985fee80, R13=0x0000000000000000, R14=0x0000000000000052, R15=0x0000000800ebd090
RIP=0x00007ffecd34ee03, EFLAGS=0x0000000000010206

Top of Stack: (sp=0x00000002985feb98)
0x00000002985feb98:   00007ffecd7df0fb 0000000000000052
0x00000002985feba8:   0000000000000003 0000000000000000
0x00000002985febb8:   0000000000000000 00000000c62a3200
0x00000002985febc8:   00007ffe00000006 00000002985fee80
0x00000002985febd8:   0000000000000022 0000000000000000
0x00000002985febe8:   0000019c00000014 0000019cd6541530
0x00000002985febf8:   0000019cd6541530 0000019cbb59c410
0x00000002985fec08:   0000019cd65414b8 0000019cbb47c328
0x00000002985fec18:   0000019cbb59c410 0000019cbb41d140
0x00000002985fec28:   00000000000003d8 0000000000000000
0x00000002985fec38:   00000002985fee80 00000002985fecc8
0x00000002985fec48:   00007ffecd7dec30 0000019cbb59c410
0x00000002985fec58:   0000019cbb59c410 0000019cd65412b0
0x00000002985fec68:   00000002985ff100 00000002985fed00
0x00000002985fec78:   000000000000002f 00000002985fee90
0x00000002985fec88:   00007ffecd641415 0000000000000040 

Instructions: (pc=0x00007ffecd34ee03)
0x00007ffecd34ed03:   8b c6 48 8b d3 48 8b 49 18 e8 4f da 31 00 48 83
0x00007ffecd34ed13:   7e 08 00 48 8b 7c 24 70 48 8b 6c 24 60 74 37 4c
0x00007ffecd34ed23:   8b ce 41 b0 64 41 8b d4 49 8b ce e8 cd 1d 00 00
0x00007ffecd34ed33:   48 83 7e 08 00 0f 85 87 00 00 00 49 8b 0e 8b 54
0x00007ffecd34ed43:   24 68 48 8b 41 28 48 8b 44 d0 08 48 83 c4 38 41
0x00007ffecd34ed53:   5e 41 5c 5e 5b c3 48 83 3d 77 19 92 00 00 74 0b
0x00007ffecd34ed63:   48 8b d3 49 8b ce e8 62 23 00 00 8b 44 24 68 41
0x00007ffecd34ed73:   b9 07 00 00 00 48 8d 14 c5 00 00 00 00 49 8b 06
0x00007ffecd34ed83:   48 8b 48 28 48 89 5c 11 08 49 8b 06 48 8b 48 08
0x00007ffecd34ed93:   b0 64 f0 46 0f b0 4c 21 04 3c 67 75 32 49 8b 06
0x00007ffecd34eda3:   4c 8b c6 48 8b 48 28 48 c7 44 11 08 00 00 00 00
0x00007ffecd34edb3:   41 8b d4 49 8b ce e8 62 21 00 00 48 83 7e 08 00
0x00007ffecd34edc3:   74 0d 33 c0 48 83 c4 38 41 5e 41 5c 5e 5b c3 48
0x00007ffecd34edd3:   8b c3 48 83 c4 38 41 5e 41 5c 5e 5b c3 48 8b 41
0x00007ffecd34ede3:   28 4c 63 ca 42 0f b7 54 c9 48 4c 89 44 d0 08 48
0x00007ffecd34edf3:   8b 41 08 42 c6 44 08 04 07 c3 cc cc cc 48 63 c2
0x00007ffecd34ee03:   0f b7 44 c1 4a 48 8b 44 c1 48 c3 cc cc 49 63 c0
0x00007ffecd34ee13:   44 0f b7 44 c1 4a 48 8b 42 18 4a 39 44 c1 48 0f
0x00007ffecd34ee23:   94 c0 c3 cc cc cc cc cc cc cc cc cc cc 48 89 5c
0x00007ffecd34ee33:   24 10 48 89 74 24 18 57 48 83 ec 30 48 63 da 49
0x00007ffecd34ee43:   8b f0 48 8b f9 85 d2 79 24 4c 8d 0d 05 41 70 00
0x00007ffecd34ee53:   ba b4 02 00 00 4c 8d 05 31 41 70 00 48 8d 0d aa
0x00007ffecd34ee63:   40 70 00 e8 a5 79 00 00 e8 f0 81 43 00 48 8b 4f
0x00007ffecd34ee73:   10 48 85 c9 74 0f 48 8d 43 01 48 c1 e0 05 48 8b
0x00007ffecd34ee83:   04 08 0f b7 d8 48 63 c3 48 8d 54 24 40 48 89 7c
0x00007ffecd34ee93:   24 20 48 89 74 24 28 48 8b 8e 40 02 00 00 8b 5c
0x00007ffecd34eea3:   c7 48 48 89 7c 24 40 e8 71 bb dc ff 0f b7 d3 48
0x00007ffecd34eeb3:   8d 4c 24 20 4c 8b c6 e8 f1 fb ff ff 48 8d 4c 24
0x00007ffecd34eec3:   20 48 8b d8 e8 d4 d4 10 00 48 8b 74 24 50 48 8b
0x00007ffecd34eed3:   c3 48 8b 5c 24 48 48 83 c4 30 5f c3 cc 48 89 5c
0x00007ffecd34eee3:   24 08 57 48 83 ec 20 48 63 fa 48 8b d9 85 d2 79
0x00007ffecd34eef3:   24 4c 8d 0d 5d 40 70 00 ba b4 02 00 00 4c 8d 05 


Stack slot to memory mapping:
stack at sp + 0 slots: 0x00007ffecd7df0fb jvm.dll
stack at sp + 1 slots: 0x0000000000000052 is an unknown value
stack at sp + 2 slots: 0x0000000000000003 is an unknown value
stack at sp + 3 slots: 0x0 is NULL
stack at sp + 4 slots: 0x0 is NULL
stack at sp + 5 slots: 0x00000000c62a3200 is an unknown value
stack at sp + 6 slots: 0x00007ffe00000006 is an unknown value
stack at sp + 7 slots: 0x00000002985fee80 is pointing into the stack for thread: 0x0000019cbb59c410


---------------  P R O C E S S  ---------------

Threads class SMR info:
_java_thread_list=0x0000019cc091ab40, length=23, elements={
0x0000019cbb1fa920, 0x0000019cbb1fbf30, 0x0000019cbb205ae0, 0x0000019cbb26c4d0,
0x0000019cbb26e830, 0x0000019cbb271a90, 0x0000019cbb279ef0, 0x0000019cbb27af90,
0x0000019cbb28c7f0, 0x0000019cb80fc100, 0x0000019cbb59c410, 0x0000019cbb51d0a0,
0x0000019cbb4db260, 0x0000019cbb674aa0, 0x0000019cc04956e0, 0x0000019cc799cbd0,
0x0000019cc799df10, 0x0000019ccdf0abd0, 0x0000019ccdf03380, 0x0000019ccdf08550,
0x0000019ccdf05530, 0x0000019ccdf03850, 0x0000019ccdf03d20
}

Java Threads: ( => current thread )
  0x0000019cbb1fa920 JavaThread "Reference Handler" daemon [_thread_blocked, id=40300, stack(0x0000000297700000,0x0000000297800000)]
  0x0000019cbb1fbf30 JavaThread "Finalizer" daemon [_thread_blocked, id=32508, stack(0x0000000297800000,0x0000000297900000)]
  0x0000019cbb205ae0 JavaThread "Signal Dispatcher" daemon [_thread_blocked, id=27816, stack(0x0000000297900000,0x0000000297a00000)]
  0x0000019cbb26c4d0 JavaThread "Attach Listener" daemon [_thread_blocked, id=39056, stack(0x0000000297a00000,0x0000000297b00000)]
  0x0000019cbb26e830 JavaThread "Service Thread" daemon [_thread_blocked, id=22376, stack(0x0000000297b00000,0x0000000297c00000)]
  0x0000019cbb271a90 JavaThread "Monitor Deflation Thread" daemon [_thread_blocked, id=32544, stack(0x0000000297c00000,0x0000000297d00000)]
  0x0000019cbb279ef0 JavaThread "C2 CompilerThread0" daemon [_thread_blocked, id=18636, stack(0x0000000297d00000,0x0000000297e00000)]
  0x0000019cbb27af90 JavaThread "C1 CompilerThread0" daemon [_thread_blocked, id=3712, stack(0x0000000297e00000,0x0000000297f00000)]
  0x0000019cbb28c7f0 JavaThread "Sweeper thread" daemon [_thread_blocked, id=3924, stack(0x0000000297f00000,0x0000000298000000)]
  0x0000019cb80fc100 JavaThread "Common-Cleaner" daemon [_thread_blocked, id=21256, stack(0x0000000298000000,0x0000000298100000)]
=>0x0000019cbb59c410 JavaThread "JDWP Transport Listener: dt_socket" daemon [_thread_in_vm, id=19436, stack(0x0000000298500000,0x0000000298600000)]
  0x0000019cbb51d0a0 JavaThread "JDWP Event Helper Thread" daemon [_thread_blocked, id=45432, stack(0x0000000298600000,0x0000000298700000)]
  0x0000019cbb4db260 JavaThread "JDWP Command Reader" daemon [_thread_in_native, id=34480, stack(0x0000000298700000,0x0000000298800000)]
  0x0000019cbb674aa0 JavaThread "Notification Thread" daemon [_thread_blocked, id=22744, stack(0x0000000298800000,0x0000000298900000)]
  0x0000019cc04956e0 JavaThread "mysql-cj-abandoned-connection-cleanup" daemon [_thread_blocked, id=45832, stack(0x000000029a300000,0x000000029a400000)]
  0x0000019cc799cbd0 JavaThread "Live Reload Server" daemon [_thread_in_native, id=7844, stack(0x000000029ac00000,0x000000029ad00000)]
  0x0000019cc799df10 JavaThread "DestroyJavaVM" [_thread_blocked, id=5812, stack(0x0000000297000000,0x0000000297100000)]
  0x0000019ccdf0abd0 JavaThread "Thread-75" [_thread_blocked, id=25132, stack(0x0000000296f00000,0x0000000297000000)]
  0x0000019ccdf03380 JavaThread "restartedMain" [_thread_blocked, id=13620, stack(0x0000000298100000,0x0000000298200000)]
  0x0000019ccdf08550 JavaThread "HikariPool-20 housekeeper" daemon [_thread_blocked, id=6720, stack(0x0000000298300000,0x0000000298400000)]
  0x0000019ccdf05530 JavaThread "Catalina-utility-1" [_thread_blocked, id=34608, stack(0x0000000298200000,0x0000000298300000)]
  0x0000019ccdf03850 JavaThread "Catalina-utility-2" [_thread_blocked, id=2072, stack(0x0000000298a00000,0x0000000298b00000)]
  0x0000019ccdf03d20 JavaThread "container-0" [_thread_blocked, id=42660, stack(0x0000000299600000,0x0000000299700000)]

Other Threads:
  0x0000019cb813e5e0 VMThread "VM Thread" [stack: 0x0000000297600000,0x0000000297700000] [id=30264]
  0x0000019cb7f8bd50 WatcherThread [stack: 0x0000000298900000,0x0000000298a00000] [id=28164]
  0x0000019c91fdc0c0 GCTaskThread "GC Thread#0" [stack: 0x0000000297100000,0x0000000297200000] [id=4940]
  0x0000019cc088b9a0 GCTaskThread "GC Thread#1" [stack: 0x0000000298b00000,0x0000000298c00000] [id=17424]
  0x0000019cc088bc50 GCTaskThread "GC Thread#2" [stack: 0x0000000298c00000,0x0000000298d00000] [id=11304]
  0x0000019cc0d8fc00 GCTaskThread "GC Thread#3" [stack: 0x0000000298d00000,0x0000000298e00000] [id=25456]
  0x0000019cc0d8feb0 GCTaskThread "GC Thread#4" [stack: 0x0000000298e00000,0x0000000298f00000] [id=28448]
  0x0000019cc0d90160 GCTaskThread "GC Thread#5" [stack: 0x0000000298f00000,0x0000000299000000] [id=16236]
  0x0000019cbbc11840 GCTaskThread "GC Thread#6" [stack: 0x0000000299000000,0x0000000299100000] [id=9044]
  0x0000019cbbc11af0 GCTaskThread "GC Thread#7" [stack: 0x0000000299100000,0x0000000299200000] [id=30052]
  0x0000019cbbc11da0 GCTaskThread "GC Thread#8" [stack: 0x0000000299200000,0x0000000299300000] [id=35472]
  0x0000019cbbc12050 GCTaskThread "GC Thread#9" [stack: 0x0000000299300000,0x0000000299400000] [id=33704]
  0x0000019cc0aa2d20 GCTaskThread "GC Thread#10" [stack: 0x0000000299400000,0x0000000299500000] [id=22632]
  0x0000019cc0aa2fd0 GCTaskThread "GC Thread#11" [stack: 0x0000000299500000,0x0000000299600000] [id=8220]
  0x0000019cc0566c70 GCTaskThread "GC Thread#12" [stack: 0x0000000299a00000,0x0000000299b00000] [id=23564]
  0x0000019cc0566710 GCTaskThread "GC Thread#13" [stack: 0x0000000299e00000,0x0000000299f00000] [id=22944]
  0x0000019cc05681f0 GCTaskThread "GC Thread#14" [stack: 0x0000000299f00000,0x000000029a000000] [id=36692]
  0x0000019cb7f50890 ConcurrentGCThread "G1 Main Marker" [stack: 0x0000000297200000,0x0000000297300000] [id=23072]
  0x0000019c91fdd0e0 ConcurrentGCThread "G1 Conc#0" [stack: 0x0000000297300000,0x0000000297400000] [id=36936]
  0x0000019cc0567730 ConcurrentGCThread "G1 Conc#1" [stack: 0x0000000299b00000,0x0000000299c00000] [id=30952]
  0x0000019cc0567c90 ConcurrentGCThread "G1 Conc#2" [stack: 0x0000000299c00000,0x0000000299d00000] [id=31096]
  0x0000019cc0566f20 ConcurrentGCThread "G1 Conc#3" [stack: 0x0000000299d00000,0x0000000299e00000] [id=27632]
  0x0000019cb8047430 ConcurrentGCThread "G1 Refine#0" [stack: 0x0000000297400000,0x0000000297500000] [id=25916]
  0x0000019cb8047e50 ConcurrentGCThread "G1 Service" [stack: 0x0000000297500000,0x0000000297600000] [id=27168]

Threads with active compile tasks:

VM state: not at safepoint (normal execution)

VM Mutex/Monitor currently owned by a thread: None

Heap address: 0x0000000604000000, size: 8128 MB, Compressed Oops mode: Zero based, Oop shift amount: 3

CDS archive(s) not mapped
Compressed class space mapped at: 0x0000000800000000-0x0000000840000000, reserved size: 1073741824
Narrow klass base: 0x0000000800000000, Narrow klass shift: 0, Narrow klass range: 0x40000000

GC Precious Log:
 CPUs: 20 total, 20 available
 Memory: 32509M
 Large Page Support: Disabled
 NUMA Support: Disabled
 Compressed Oops: Enabled (Zero based)
 Heap Region Size: 4M
 Heap Min Capacity: 8M
 Heap Initial Capacity: 508M
 Heap Max Capacity: 8128M
 Pre-touch: Disabled
 Parallel Workers: 15
 Concurrent Workers: 4
 Concurrent Refinement Workers: 15
 Periodic GC: Disabled

Heap:
 garbage-first heap   total 151552K, used 101871K [0x0000000604000000, 0x0000000800000000)
  region size 4096K, 16 young (65536K), 2 survivors (8192K)
 Metaspace       used 116638K, committed 118208K, reserved 1179648K
  class space    used 14111K, committed 14912K, reserved 1048576K

Heap Regions: E=young(eden), S=young(survivor), O=old, HS=humongous(starts), HC=humongous(continues), CS=collection set, F=free, OA=open archive, CA=closed archive, TAMS=top-at-mark-start (previous, next)
|   0|0x0000000604000000, 0x00000006043ffff0, 0x0000000604400000| 99%| O|  |TAMS 0x00000006043ffff0, 0x0000000604000000| Untracked 
|   1|0x0000000604400000, 0x00000006047fffd0, 0x0000000604800000| 99%| O|  |TAMS 0x00000006047fffd0, 0x0000000604400000| Untracked 
|   2|0x0000000604800000, 0x0000000604bfffe8, 0x0000000604c00000| 99%| O|  |TAMS 0x0000000604bfffe8, 0x0000000604800000| Untracked 
|   3|0x0000000604c00000, 0x0000000604fffff8, 0x0000000605000000| 99%| O|  |TAMS 0x0000000604fffff8, 0x0000000604c00000| Untracked 
|   4|0x0000000605000000, 0x0000000605400000, 0x0000000605400000|100%| O|  |TAMS 0x0000000605400000, 0x0000000605000000| Untracked 
|   5|0x0000000605400000, 0x00000006057fffe8, 0x0000000605800000| 99%| O|  |TAMS 0x00000006057fffe8, 0x0000000605400000| Untracked 
|   6|0x0000000605800000, 0x0000000605c00000, 0x0000000605c00000|100%| O|  |TAMS 0x0000000605c00000, 0x0000000605800000| Untracked 
|   7|0x0000000605c00000, 0x0000000605ffffe8, 0x0000000606000000| 99%| O|  |TAMS 0x0000000605ffffe8, 0x0000000605c00000| Untracked 
|   8|0x0000000606000000, 0x0000000606400000, 0x0000000606400000|100%| O|  |TAMS 0x0000000606000000, 0x0000000606000000| Untracked 
|   9|0x0000000606400000, 0x0000000606781520, 0x0000000606800000| 87%| O|  |TAMS 0x0000000606400000, 0x0000000606400000| Untracked 
|  10|0x0000000606800000, 0x0000000606800000, 0x0000000606c00000|  0%| F|  |TAMS 0x0000000606800000, 0x0000000606800000| Untracked 
|  11|0x0000000606c00000, 0x0000000606c00000, 0x0000000607000000|  0%| F|  |TAMS 0x0000000606c00000, 0x0000000606c00000| Untracked 
|  12|0x0000000607000000, 0x0000000607000000, 0x0000000607400000|  0%| F|  |TAMS 0x0000000607000000, 0x0000000607000000| Untracked 
|  13|0x0000000607400000, 0x0000000607400000, 0x0000000607800000|  0%| F|  |TAMS 0x0000000607400000, 0x0000000607400000| Untracked 
|  14|0x0000000607800000, 0x0000000607800000, 0x0000000607c00000|  0%| F|  |TAMS 0x0000000607800000, 0x0000000607800000| Untracked 
|  15|0x0000000607c00000, 0x0000000607c00000, 0x0000000608000000|  0%| F|  |TAMS 0x0000000607c00000, 0x0000000607c00000| Untracked 
|  16|0x0000000608000000, 0x00000006081daf98, 0x0000000608400000| 46%| S|CS|TAMS 0x0000000608000000, 0x0000000608000000| Complete 
|  17|0x0000000608400000, 0x0000000608800000, 0x0000000608800000|100%| S|CS|TAMS 0x0000000608400000, 0x0000000608400000| Complete 
|  18|0x0000000608800000, 0x0000000608800000, 0x0000000608c00000|  0%| F|  |TAMS 0x0000000608800000, 0x0000000608800000| Untracked 
|  19|0x0000000608c00000, 0x0000000608c00000, 0x0000000609000000|  0%| F|  |TAMS 0x0000000608c00000, 0x0000000608c00000| Untracked 
|  20|0x0000000609000000, 0x000000060921f900, 0x0000000609400000| 53%| O|  |TAMS 0x0000000609000000, 0x0000000609000000| Untracked 
|  21|0x0000000609400000, 0x0000000609400000, 0x0000000609800000|  0%| F|  |TAMS 0x0000000609400000, 0x0000000609400000| Untracked 
|  22|0x0000000609800000, 0x0000000609800000, 0x0000000609c00000|  0%| F|  |TAMS 0x0000000609800000, 0x0000000609800000| Untracked 
|  23|0x0000000609c00000, 0x0000000609d6b2f8, 0x000000060a000000| 35%| E|  |TAMS 0x0000000609c00000, 0x0000000609c00000| Complete 
|  24|0x000000060a000000, 0x000000060a400000, 0x000000060a400000|100%| E|CS|TAMS 0x000000060a000000, 0x000000060a000000| Complete 
|  25|0x000000060a400000, 0x000000060a800000, 0x000000060a800000|100%| E|CS|TAMS 0x000000060a400000, 0x000000060a400000| Complete 
|  26|0x000000060a800000, 0x000000060ac00000, 0x000000060ac00000|100%| E|CS|TAMS 0x000000060a800000, 0x000000060a800000| Complete 
|  27|0x000000060ac00000, 0x000000060b000000, 0x000000060b000000|100%| E|CS|TAMS 0x000000060ac00000, 0x000000060ac00000| Complete 
|  28|0x000000060b000000, 0x000000060b400000, 0x000000060b400000|100%| E|CS|TAMS 0x000000060b000000, 0x000000060b000000| Complete 
|  29|0x000000060b400000, 0x000000060b800000, 0x000000060b800000|100%| E|CS|TAMS 0x000000060b400000, 0x000000060b400000| Complete 
|  30|0x000000060b800000, 0x000000060bc00000, 0x000000060bc00000|100%| E|CS|TAMS 0x000000060b800000, 0x000000060b800000| Complete 
|  31|0x000000060bc00000, 0x000000060c000000, 0x000000060c000000|100%| E|CS|TAMS 0x000000060bc00000, 0x000000060bc00000| Complete 
|  32|0x000000060c000000, 0x000000060c400000, 0x000000060c400000|100%| E|CS|TAMS 0x000000060c000000, 0x000000060c000000| Complete 
|  33|0x000000060c400000, 0x000000060c800000, 0x000000060c800000|100%| E|CS|TAMS 0x000000060c400000, 0x000000060c400000| Complete 
|  34|0x000000060c800000, 0x000000060cc00000, 0x000000060cc00000|100%| E|CS|TAMS 0x000000060c800000, 0x000000060c800000| Complete 
|  35|0x000000060cc00000, 0x000000060d000000, 0x000000060d000000|100%| E|CS|TAMS 0x000000060cc00000, 0x000000060cc00000| Complete 
|  36|0x000000060d000000, 0x000000060d400000, 0x000000060d400000|100%| E|CS|TAMS 0x000000060d000000, 0x000000060d000000| Complete 

Card table byte_map: [0x0000019ca6070000,0x0000019ca7050000] _byte_map_base: 0x0000019ca3050000

Marking Bits (Prev, Next): (CMBitMap*) 0x0000019c91fdc6d0, (CMBitMap*) 0x0000019c91fdc710
 Prev Bits: [0x0000019ca8030000, 0x0000019caff30000)
 Next Bits: [0x0000019caff30000, 0x0000019cb7e30000)

Polling page: 0x0000019c8fea0000

Metaspace:

Usage:
  Non-class:    100.12 MB used.
      Class:     13.78 MB used.
       Both:    113.90 MB used.

Virtual space:
  Non-class space:      128.00 MB reserved,     100.88 MB ( 79%) committed,  2 nodes.
      Class space:        1.00 GB reserved,      14.56 MB (  1%) committed,  1 nodes.
             Both:        1.12 GB reserved,     115.44 MB ( 10%) committed. 

Chunk freelists:
   Non-Class:  10.53 MB
       Class:  1.26 MB
        Both:  11.79 MB

MaxMetaspaceSize: unlimited
CompressedClassSpaceSize: 1.00 GB
Initial GC threshold: 21.00 MB
Current GC threshold: 190.62 MB
CDS: off
MetaspaceReclaimPolicy: balanced
 - commit_granule_bytes: 65536.
 - commit_granule_words: 8192.
 - virtual_space_node_default_size: 8388608.
 - enlarge_chunks_in_place: 1.
 - new_chunks_are_fully_committed: 0.
 - uncommit_free_chunks: 1.
 - use_allocation_guard: 0.
 - handle_deallocations: 1.


Internal statistics:

num_allocs_failed_limit: 11.
num_arena_births: 2580.
num_arena_deaths: 74.
num_vsnodes_births: 3.
num_vsnodes_deaths: 0.
num_space_committed: 1847.
num_space_uncommitted: 0.
num_chunks_returned_to_freelist: 111.
num_chunks_taken_from_freelist: 7559.
num_chunk_merges: 11.
num_chunk_splits: 4603.
num_chunks_enlarged: 2705.
num_inconsistent_stats: 0.

CodeHeap 'non-profiled nmethods': size=119168Kb used=24128Kb max_used=24173Kb free=95039Kb
 bounds [0x0000019c9d170000, 0x0000019c9e910000, 0x0000019ca45d0000]
CodeHeap 'profiled nmethods': size=119104Kb used=38161Kb max_used=38509Kb free=80942Kb
 bounds [0x0000019c955d0000, 0x0000019c97b70000, 0x0000019c9ca20000]
CodeHeap 'non-nmethods': size=7488Kb used=1452Kb max_used=3235Kb free=6036Kb
 bounds [0x0000019c9ca20000, 0x0000019c9cd60000, 0x0000019c9d170000]
 total_blobs=19023 nmethods=18306 adapters=628
 compilation: enabled
              stopped_count=0, restarted_count=0
 full_count=0

Compilation events (20 events):
Event: 335.896 Thread 0x0000019cbb279ef0 nmethod 22485 0x0000019c9e6e2f10 code [0x0000019c9e6e30c0, 0x0000019c9e6e36c8]
Event: 335.896 Thread 0x0000019cbb279ef0 22471       4       org.springframework.data.jpa.util.JpaMetamodel$$Lambda$1225/0x0000000800967590::test (10 bytes)
Event: 335.897 Thread 0x0000019cbb279ef0 nmethod 22471 0x0000019c9e6e2b90 code [0x0000019c9e6e2d20, 0x0000019c9e6e2e38]
Event: 355.899 Thread 0x0000019cbb27af90 22489       3       java.util.TreeSet::<init> (10 bytes)
Event: 355.899 Thread 0x0000019cbb27af90 nmethod 22489 0x0000019c96ea7f90 code [0x0000019c96ea8140, 0x0000019c96ea83d8]
Event: 358.290 Thread 0x0000019cbb279ef0 22490       4       java.lang.StringUTF16::hashCode (33 bytes)
Event: 358.331 Thread 0x0000019cbb279ef0 

Event: 379.369 Thread 0x0000019cbb27af90 22491   !   3       com.mysql.cj.jdbc.AbandonedConnectionCleanupThread::checkThreadContextClassLoader (20 bytes)
Event: 379.370 Thread 0x0000019cbb27af90 nmethod 22491 0x0000019c9664c910 code [0x0000019c9664cbc0, 0x0000019c9664dbd8]
Event: 385.935 Thread 0x0000019cbb279ef0 22492       4       java.util.concurrent.locks.AbstractQueuedSynchronizer::acquireShared (20 bytes)
Event: 385.941 Thread 0x0000019cbb279ef0 nmethod 22492 0x0000019c9e6e2510 code [0x0000019c9e6e26a0, 0x0000019c9e6e2958]
Event: 386.534 Thread 0x0000019cbb279ef0 22493       4       org.eclipse.jdt.launching.internal.org.objectweb.asm.AnnotationWriter::<init> (60 bytes)
Event: 386.576 Thread 0x0000019cbb279ef0 

Event: 393.748 Thread 0x0000019cbb279ef0 22494       4       org.eclipse.jdt.launching.internal.org.objectweb.asm.AnnotationVisitor::<init> (94 bytes)
Event: 393.749 Thread 0x0000019cbb279ef0 nmethod 22494 0x0000019c9e6e2190 code [0x0000019c9e6e2300, 0x0000019c9e6e2478]
Event: 395.946 Thread 0x0000019cbb27af90 22495       1       org.apache.catalina.webresources.CachedResource::getNextCheck (5 bytes)
Event: 395.946 Thread 0x0000019cbb27af90 nmethod 22495 0x0000019c9e6e1e90 code [0x0000019c9e6e2020, 0x0000019c9e6e20f8]
Event: 398.051 Thread 0x0000019cbb279ef0 22496       4       java.lang.StringUTF16::hashCode (33 bytes)
Event: 398.091 Thread 0x0000019cbb279ef0 

Event: 424.281 Thread 0x0000019cbb279ef0 22497 %     4       java.lang.StringUTF16::hashCode @ 9 (33 bytes)

GC Heap History (20 events):
Event: 234.040 GC heap before
{Heap before GC invocations=99 (full 16):
 garbage-first heap   total 151552K, used 115098K [0x0000000604000000, 0x0000000800000000)
  region size 4096K, 18 young (73728K), 0 survivors (0K)
 Metaspace       used 112766K, committed 114240K, reserved 1179648K
  class space    used 13749K, committed 14528K, reserved 1048576K
}
Event: 234.043 GC heap after
{Heap after GC invocations=100 (full 16):
 garbage-first heap   total 151552K, used 47680K [0x0000000604000000, 0x0000000800000000)
  region size 4096K, 2 young (8192K), 2 survivors (8192K)
 Metaspace       used 112766K, committed 114240K, reserved 1179648K
  class space    used 13749K, committed 14528K, reserved 1048576K
}
Event: 235.362 GC heap before
{Heap before GC invocations=100 (full 16):
 garbage-first heap   total 151552K, used 113216K [0x0000000604000000, 0x0000000800000000)
  region size 4096K, 18 young (73728K), 2 survivors (8192K)
 Metaspace       used 113237K, committed 114816K, reserved 1179648K
  class space    used 13793K, committed 14592K, reserved 1048576K
}
Event: 235.365 GC heap after
{Heap after GC invocations=101 (full 16):
 garbage-first heap   total 151552K, used 51000K [0x0000000604000000, 0x0000000800000000)
  region size 4096K, 3 young (12288K), 3 survivors (12288K)
 Metaspace       used 113237K, committed 114816K, reserved 1179648K
  class space    used 13793K, committed 14592K, reserved 1048576K
}
Event: 290.748 GC heap before
{Heap before GC invocations=101 (full 16):
 garbage-first heap   total 151552K, used 79672K [0x0000000604000000, 0x0000000800000000)
  region size 4096K, 11 young (45056K), 3 survivors (12288K)
 Metaspace       used 113314K, committed 114880K, reserved 1179648K
  class space    used 13797K, committed 14592K, reserved 1048576K
}
Event: 290.803 GC heap after
{Heap after GC invocations=102 (full 17):
 garbage-first heap   total 151552K, used 41860K [0x0000000604000000, 0x0000000800000000)
  region size 4096K, 0 young (0K), 0 survivors (0K)
 Metaspace       used 113308K, committed 114880K, reserved 1179648K
  class space    used 13796K, committed 14592K, reserved 1048576K
}
Event: 291.228 GC heap before
{Heap before GC invocations=102 (full 17):
 garbage-first heap   total 151552K, used 115588K [0x0000000604000000, 0x0000000800000000)
  region size 4096K, 18 young (73728K), 0 survivors (0K)
 Metaspace       used 113759K, committed 115264K, reserved 1179648K
  class space    used 13853K, committed 14656K, reserved 1048576K
}
Event: 291.231 GC heap after
{Heap after GC invocations=103 (full 17):
 garbage-first heap   total 151552K, used 48137K [0x0000000604000000, 0x0000000800000000)
  region size 4096K, 2 young (8192K), 2 survivors (8192K)
 Metaspace       used 113759K, committed 115264K, reserved 1179648K
  class space    used 13853K, committed 14656K, reserved 1048576K
}
Event: 292.414 GC heap before
{Heap before GC invocations=103 (full 17):
 garbage-first heap   total 151552K, used 113673K [0x0000000604000000, 0x0000000800000000)
  region size 4096K, 18 young (73728K), 2 survivors (8192K)
 Metaspace       used 114321K, committed 115840K, reserved 1179648K
  class space    used 13896K, committed 14720K, reserved 1048576K
}
Event: 292.416 GC heap after
{Heap after GC invocations=104 (full 17):
 garbage-first heap   total 151552K, used 51379K [0x0000000604000000, 0x0000000800000000)
  region size 4096K, 3 young (12288K), 3 survivors (12288K)
 Metaspace       used 114321K, committed 115840K, reserved 1179648K
  class space    used 13896K, committed 14720K, reserved 1048576K
}
Event: 328.857 GC heap before
{Heap before GC invocations=104 (full 17):
 garbage-first heap   total 151552K, used 75955K [0x0000000604000000, 0x0000000800000000)
  region size 4096K, 10 young (40960K), 3 survivors (12288K)
 Metaspace       used 114383K, committed 115904K, reserved 1179648K
  class space    used 13901K, committed 14720K, reserved 1048576K
}
Event: 328.912 GC heap after
{Heap after GC invocations=105 (full 18):
 garbage-first heap   total 151552K, used 42165K [0x0000000604000000, 0x0000000800000000)
  region size 4096K, 0 young (0K), 0 survivors (0K)
 Metaspace       used 114377K, committed 115904K, reserved 1179648K
  class space    used 13900K, committed 14720K, reserved 1048576K
}
Event: 329.316 GC heap before
{Heap before GC invocations=105 (full 18):
 garbage-first heap   total 151552K, used 115893K [0x0000000604000000, 0x0000000800000000)
  region size 4096K, 18 young (73728K), 0 survivors (0K)
 Metaspace       used 114897K, committed 116416K, reserved 1179648K
  class space    used 13965K, committed 14784K, reserved 1048576K
}
Event: 329.318 GC heap after
{Heap after GC invocations=106 (full 18):
 garbage-first heap   total 151552K, used 48439K [0x0000000604000000, 0x0000000800000000)
  region size 4096K, 2 young (8192K), 2 survivors (8192K)
 Metaspace       used 114897K, committed 116416K, reserved 1179648K
  class space    used 13965K, committed 14784K, reserved 1048576K
}
Event: 330.566 GC heap before
{Heap before GC invocations=106 (full 18):
 garbage-first heap   total 151552K, used 113975K [0x0000000604000000, 0x0000000800000000)
  region size 4096K, 18 young (73728K), 2 survivors (8192K)
 Metaspace       used 115498K, committed 117056K, reserved 1179648K
  class space    used 14008K, committed 14848K, reserved 1048576K
}
Event: 330.568 GC heap after
{Heap after GC invocations=107 (full 18):
 garbage-first heap   total 151552K, used 51561K [0x0000000604000000, 0x0000000800000000)
  region size 4096K, 3 young (12288K), 3 survivors (12288K)
 Metaspace       used 115498K, committed 117056K, reserved 1179648K
  class space    used 14008K, committed 14848K, reserved 1048576K
}
Event: 334.250 GC heap before
{Heap before GC invocations=107 (full 18):
 garbage-first heap   total 151552K, used 72041K [0x0000000604000000, 0x0000000800000000)
  region size 4096K, 9 young (36864K), 3 survivors (12288K)
 Metaspace       used 115544K, committed 117120K, reserved 1179648K
  class space    used 14013K, committed 14848K, reserved 1048576K
}
Event: 334.308 GC heap after
{Heap after GC invocations=108 (full 19):
 garbage-first heap   total 151552K, used 42627K [0x0000000604000000, 0x0000000800000000)
  region size 4096K, 0 young (0K), 0 survivors (0K)
 Metaspace       used 115538K, committed 117120K, reserved 1179648K
  class space    used 14012K, committed 14848K, reserved 1048576K
}
Event: 334.748 GC heap before
{Heap before GC invocations=108 (full 19):
 garbage-first heap   total 151552K, used 116355K [0x0000000604000000, 0x0000000800000000)
  region size 4096K, 18 young (73728K), 0 survivors (0K)
 Metaspace       used 115971K, committed 117504K, reserved 1179648K
  class space    used 14068K, committed 14848K, reserved 1048576K
}
Event: 334.750 GC heap after
{Heap after GC invocations=109 (full 19):
 garbage-first heap   total 151552K, used 48623K [0x0000000604000000, 0x0000000800000000)
  region size 4096K, 2 young (8192K), 2 survivors (8192K)
 Metaspace       used 115971K, committed 117504K, reserved 1179648K
  class space    used 14068K, committed 14848K, reserved 1048576K
}

Dll operation events (11 events):
Event: 0.009 Loaded shared library C:\eclipse-jee-2023-03-R-win32-x86_64\eclipse\plugins\org.eclipse.justj.openjdk.hotspot.jre.full.win32.x86_64_17.0.7.v20230425-1502\jre\bin\java.dll
Event: 0.198 Loaded shared library C:\eclipse-jee-2023-03-R-win32-x86_64\eclipse\plugins\org.eclipse.justj.openjdk.hotspot.jre.full.win32.x86_64_17.0.7.v20230425-1502\jre\bin\zip.dll
Event: 0.202 Loaded shared library C:\eclipse-jee-2023-03-R-win32-x86_64\eclipse\plugins\org.eclipse.justj.openjdk.hotspot.jre.full.win32.x86_64_17.0.7.v20230425-1502\jre\bin\instrument.dll
Event: 0.210 Loaded shared library C:\eclipse-jee-2023-03-R-win32-x86_64\eclipse\plugins\org.eclipse.justj.openjdk.hotspot.jre.full.win32.x86_64_17.0.7.v20230425-1502\jre\bin\net.dll
Event: 0.211 Loaded shared library C:\eclipse-jee-2023-03-R-win32-x86_64\eclipse\plugins\org.eclipse.justj.openjdk.hotspot.jre.full.win32.x86_64_17.0.7.v20230425-1502\jre\bin\nio.dll
Event: 0.215 Loaded shared library C:\eclipse-jee-2023-03-R-win32-x86_64\eclipse\plugins\org.eclipse.justj.openjdk.hotspot.jre.full.win32.x86_64_17.0.7.v20230425-1502\jre\bin\zip.dll
Event: 0.321 Loaded shared library C:\eclipse-jee-2023-03-R-win32-x86_64\eclipse\plugins\org.eclipse.justj.openjdk.hotspot.jre.full.win32.x86_64_17.0.7.v20230425-1502\jre\bin\jimage.dll
Event: 0.345 Loaded shared library C:\eclipse-jee-2023-03-R-win32-x86_64\eclipse\plugins\org.eclipse.justj.openjdk.hotspot.jre.full.win32.x86_64_17.0.7.v20230425-1502\jre\bin\verify.dll
Event: 0.567 Loaded shared library C:\eclipse-jee-2023-03-R-win32-x86_64\eclipse\plugins\org.eclipse.justj.openjdk.hotspot.jre.full.win32.x86_64_17.0.7.v20230425-1502\jre\bin\management.dll
Event: 0.569 Loaded shared library C:\eclipse-jee-2023-03-R-win32-x86_64\eclipse\plugins\org.eclipse.justj.openjdk.hotspot.jre.full.win32.x86_64_17.0.7.v20230425-1502\jre\bin\management_ext.dll
Event: 2.949 Loaded shared library C:\eclipse-jee-2023-03-R-win32-x86_64\eclipse\plugins\org.eclipse.justj.openjdk.hotspot.jre.full.win32.x86_64_17.0.7.v20230425-1502\jre\bin\sunmscapi.dll

Deoptimization events (20 events):
Event: 335.882 Thread 0x0000019ccdf03380 DEOPT PACKING pc=0x0000019c9df4e208 sp=0x00000002981fd720
Event: 335.882 Thread 0x0000019ccdf03380 DEOPT UNPACKING pc=0x0000019c9ca77143 sp=0x00000002981fcc50 mode 1
Event: 335.882 Thread 0x0000019ccdf03380 DEOPT PACKING pc=0x0000019c9e49e33c sp=0x00000002981fd8f0
Event: 335.882 Thread 0x0000019ccdf03380 DEOPT UNPACKING pc=0x0000019c9ca77143 sp=0x00000002981fcd98 mode 1
Event: 335.883 Thread 0x0000019ccdf03380 Uncommon trap: trap_request=0xffffff97 fr.pc=0x0000019c9e0b7b64 relative=0x0000000000003a04
Event: 335.883 Thread 0x0000019ccdf03380 Uncommon trap: reason=unhandled action=none pc=0x0000019c9e0b7b64 method=java.net.URLClassLoader.findClass(Ljava/lang/String;)Ljava/lang/Class; @ 44 c2
Event: 335.883 Thread 0x0000019ccdf03380 DEOPT PACKING pc=0x0000019c9e0b7b64 sp=0x00000002981fc130
Event: 335.883 Thread 0x0000019ccdf03380 DEOPT UNPACKING pc=0x0000019c9ca769a3 sp=0x00000002981fc0e0 mode 2
Event: 335.883 Thread 0x0000019ccdf03380 Uncommon trap: trap_request=0xffffff97 fr.pc=0x0000019c9e0b7b64 relative=0x0000000000003a04
Event: 335.883 Thread 0x0000019ccdf03380 Uncommon trap: reason=unhandled action=none pc=0x0000019c9e0b7b64 method=java.net.URLClassLoader.findClass(Ljava/lang/String;)Ljava/lang/Class; @ 44 c2
Event: 335.883 Thread 0x0000019ccdf03380 DEOPT PACKING pc=0x0000019c9e0b7b64 sp=0x00000002981fba90
Event: 335.883 Thread 0x0000019ccdf03380 DEOPT UNPACKING pc=0x0000019c9ca769a3 sp=0x00000002981fba40 mode 2
Event: 335.883 Thread 0x0000019ccdf03380 Uncommon trap: trap_request=0xffffff97 fr.pc=0x0000019c9e0b7b64 relative=0x0000000000003a04
Event: 335.883 Thread 0x0000019ccdf03380 Uncommon trap: reason=unhandled action=none pc=0x0000019c9e0b7b64 method=java.net.URLClassLoader.findClass(Ljava/lang/String;)Ljava/lang/Class; @ 44 c2
Event: 335.883 Thread 0x0000019ccdf03380 DEOPT PACKING pc=0x0000019c9e0b7b64 sp=0x00000002981fd590
Event: 335.883 Thread 0x0000019ccdf03380 DEOPT UNPACKING pc=0x0000019c9ca769a3 sp=0x00000002981fd540 mode 2
Event: 335.884 Thread 0x0000019ccdf03380 DEOPT PACKING pc=0x0000019c95c64329 sp=0x00000002981fcbf0
Event: 335.884 Thread 0x0000019ccdf03380 DEOPT UNPACKING pc=0x0000019c9ca77143 sp=0x00000002981fc0c8 mode 1
Event: 335.884 Thread 0x0000019ccdf03380 DEOPT PACKING pc=0x0000019c95d679ac sp=0x00000002981fcc80
Event: 335.884 Thread 0x0000019ccdf03380 DEOPT UNPACKING pc=0x0000019c9ca77143 sp=0x00000002981fc240 mode 1

Classes unloaded (20 events):
Event: 152.468 Thread 0x0000019cb813e5e0 Unloading class 0x0000000800d0c800 'jdk/internal/reflect/GeneratedSerializationConstructorAccessor10'
Event: 152.468 Thread 0x0000019cb813e5e0 Unloading class 0x0000000800cf5000 'org/apache/catalina/loader/JdbcLeakPrevention'
Event: 159.985 Thread 0x0000019cb813e5e0 Unloading class 0x0000000800d28400 'jdk/internal/reflect/GeneratedSerializationConstructorAccessor11'
Event: 159.985 Thread 0x0000019cb813e5e0 Unloading class 0x0000000800d10000 'org/apache/catalina/loader/JdbcLeakPrevention'
Event: 171.717 Thread 0x0000019cb813e5e0 Unloading class 0x0000000800d44400 'jdk/internal/reflect/GeneratedSerializationConstructorAccessor12'
Event: 171.717 Thread 0x0000019cb813e5e0 Unloading class 0x0000000800d28c00 'org/apache/catalina/loader/JdbcLeakPrevention'
Event: 189.798 Thread 0x0000019cb813e5e0 Unloading class 0x0000000800d60400 'jdk/internal/reflect/GeneratedSerializationConstructorAccessor13'
Event: 189.798 Thread 0x0000019cb813e5e0 Unloading class 0x0000000800d44c00 'org/apache/catalina/loader/JdbcLeakPrevention'
Event: 194.141 Thread 0x0000019cb813e5e0 Unloading class 0x0000000800d80400 'jdk/internal/reflect/GeneratedSerializationConstructorAccessor14'
Event: 194.141 Thread 0x0000019cb813e5e0 Unloading class 0x0000000800d60c00 'org/apache/catalina/loader/JdbcLeakPrevention'
Event: 209.025 Thread 0x0000019cb813e5e0 Unloading class 0x0000000800da0800 'jdk/internal/reflect/GeneratedSerializationConstructorAccessor15'
Event: 209.025 Thread 0x0000019cb813e5e0 Unloading class 0x0000000800d80c00 'org/apache/catalina/loader/JdbcLeakPrevention'
Event: 233.611 Thread 0x0000019cb813e5e0 Unloading class 0x0000000800dedc00 'jdk/internal/reflect/GeneratedSerializationConstructorAccessor16'
Event: 233.611 Thread 0x0000019cb813e5e0 Unloading class 0x0000000800da1000 'org/apache/catalina/loader/JdbcLeakPrevention'
Event: 290.764 Thread 0x0000019cb813e5e0 Unloading class 0x0000000800e60400 'jdk/internal/reflect/GeneratedSerializationConstructorAccessor17'
Event: 290.764 Thread 0x0000019cb813e5e0 Unloading class 0x0000000800e47c00 'org/apache/catalina/loader/JdbcLeakPrevention'
Event: 328.874 Thread 0x0000019cb813e5e0 Unloading class 0x0000000800e80400 'jdk/internal/reflect/GeneratedSerializationConstructorAccessor18'
Event: 328.874 Thread 0x0000019cb813e5e0 Unloading class 0x0000000800e60c00 'org/apache/catalina/loader/JdbcLeakPrevention'
Event: 334.268 Thread 0x0000019cb813e5e0 Unloading class 0x0000000800ea0400 'jdk/internal/reflect/GeneratedSerializationConstructorAccessor19'
Event: 334.268 Thread 0x0000019cb813e5e0 Unloading class 0x0000000800e80c00 'org/apache/catalina/loader/JdbcLeakPrevention'

Classes redefined (20 events):
Event: 413.738 Thread 0x0000019cb813e5e0 redefined class name=com.project.bookforeast.user.controller.UserController, count=14
Event: 413.738 Thread 0x0000019cb813e5e0 redefined class name=com.project.bookforeast.user.controller.UserController, count=15
Event: 413.738 Thread 0x0000019cb813e5e0 redefined class name=com.project.bookforeast.user.controller.UserController, count=12
Event: 413.738 Thread 0x0000019cb813e5e0 redefined class name=com.project.bookforeast.user.controller.UserController, count=7
Event: 413.738 Thread 0x0000019cb813e5e0 redefined class name=com.project.bookforeast.user.controller.UserController, count=11
Event: 413.738 Thread 0x0000019cb813e5e0 redefined class name=com.project.bookforeast.user.controller.UserController, count=12
Event: 413.738 Thread 0x0000019cb813e5e0 redefined class name=com.project.bookforeast.user.controller.UserController, count=8
Event: 413.738 Thread 0x0000019cb813e5e0 redefined class name=com.project.bookforeast.user.controller.UserController, count=11
Event: 413.738 Thread 0x0000019cb813e5e0 redefined class name=com.project.bookforeast.user.controller.UserController, count=12
Event: 413.738 Thread 0x0000019cb813e5e0 redefined class name=com.project.bookforeast.user.controller.UserController, count=9
Event: 413.738 Thread 0x0000019cb813e5e0 redefined class name=com.project.bookforeast.user.controller.UserController, count=11
Event: 413.738 Thread 0x0000019cb813e5e0 redefined class name=com.project.bookforeast.user.controller.UserController, count=12
Event: 413.738 Thread 0x0000019cb813e5e0 redefined class name=com.project.bookforeast.user.controller.UserController, count=10
Event: 413.738 Thread 0x0000019cb813e5e0 redefined class name=com.project.bookforeast.user.controller.UserController, count=11
Event: 413.738 Thread 0x0000019cb813e5e0 redefined class name=com.project.bookforeast.user.controller.UserController, count=12
Event: 413.738 Thread 0x0000019cb813e5e0 redefined class name=com.project.bookforeast.user.controller.UserController, count=11
Event: 413.738 Thread 0x0000019cb813e5e0 redefined class name=com.project.bookforeast.user.controller.UserController, count=12
Event: 413.738 Thread 0x0000019cb813e5e0 redefined class name=com.project.bookforeast.user.controller.UserController, count=6
Event: 413.738 Thread 0x0000019cb813e5e0 redefined class name=com.project.bookforeast.user.controller.UserController, count=16
Event: 413.738 Thread 0x0000019cb813e5e0 redefined class name=com.project.bookforeast.user.controller.UserController, count=13

Internal exceptions (20 events):
Event: 334.249 Thread 0x0000019ccdf07210 Exception <a 'java/net/SocketException'{0x000000060bd0eab0}: Connection reset by peer: shutdown> (0x000000060bd0eab0) 
thrown [s\src\hotspot\share\prims\jni.cpp, line 535]
Event: 334.249 Thread 0x0000019ccdf07210 Exception <a 'java/io/IOException'{0x000000060bd104a8}> (0x000000060bd104a8) 
thrown [s\src\hotspot\share\prims\jni.cpp, line 516]
Event: 334.317 Thread 0x0000019ccdf03380 Exception <a 'sun/nio/fs/WindowsException'{0x000000060d0c8418}> (0x000000060d0c8418) 
thrown [s\src\hotspot\share\prims\jni.cpp, line 516]
Event: 334.330 Thread 0x0000019ccdf03380 Exception <a 'sun/nio/fs/WindowsException'{0x000000060d2fcc08}> (0x000000060d2fcc08) 
thrown [s\src\hotspot\share\prims\jni.cpp, line 516]
Event: 334.506 Thread 0x0000019ccdf03380 Exception <a 'sun/nio/fs/WindowsException'{0x000000060b76c478}> (0x000000060b76c478) 
thrown [s\src\hotspot\share\prims\jni.cpp, line 516]
Event: 334.524 Thread 0x0000019ccdf03380 Exception <a 'sun/nio/fs/WindowsException'{0x000000060b18a5e0}> (0x000000060b18a5e0) 
thrown [s\src\hotspot\share\prims\jni.cpp, line 516]
Event: 334.534 Thread 0x0000019ccdf03380 Exception <a 'sun/nio/fs/WindowsException'{0x000000060b2b0728}> (0x000000060b2b0728) 
thrown [s\src\hotspot\share\prims\jni.cpp, line 516]
Event: 334.581 Thread 0x0000019ccdf03380 Exception <a 'java/lang/NoClassDefFoundError'{0x000000060a932fc0}: org/flywaydb/core/Flyway> (0x000000060a932fc0) 
thrown [s\src\hotspot\share\oops\constantPool.cpp, line 835]
Event: 334.581 Thread 0x0000019ccdf03380 Exception <a 'java/lang/NoClassDefFoundError'{0x000000060a933610}: liquibase/integration/spring/SpringLiquibase> (0x000000060a933610) 
thrown [s\src\hotspot\share\oops\constantPool.cpp, line 835]
Event: 334.584 Thread 0x0000019ccdf03380 Exception <a 'java/lang/NoClassDefFoundError'{0x000000060a9b8e48}: org/jooq/DSLContext> (0x000000060a9b8e48) 
thrown [s\src\hotspot\share\oops\constantPool.cpp, line 835]
Event: 334.585 Thread 0x0000019ccdf03380 Exception <a 'java/lang/NoClassDefFoundError'{0x000000060a9cd498}: org/springframework/batch/core/repository/JobRepository> (0x000000060a9cd498) 
thrown [s\src\hotspot\share\oops\constantPool.cpp, line 835]
Event: 334.585 Thread 0x0000019ccdf03380 Exception <a 'java/lang/NoClassDefFoundError'{0x000000060a9cdae0}: org/quartz/Scheduler> (0x000000060a9cdae0) 
thrown [s\src\hotspot\share\oops\constantPool.cpp, line 835]
Event: 334.585 Thread 0x0000019ccdf03380 Exception <a 'java/lang/NoClassDefFoundError'{0x000000060a9ce150}: org/springframework/session/jdbc/JdbcIndexedSessionRepository> (0x000000060a9ce150) 
thrown [s\src\hotspot\share\oops\constantPool.cpp, line 835]
Event: 334.612 Thread 0x0000019ccdf03380 Exception <a 'sun/nio/fs/WindowsException'{0x000000060a2e4440}> (0x000000060a2e4440) 
thrown [s\src\hotspot\share\prims\jni.cpp, line 516]
Event: 334.612 Thread 0x0000019ccdf03380 Exception <a 'sun/nio/fs/WindowsException'{0x000000060a2e4b68}> (0x000000060a2e4b68) 
thrown [s\src\hotspot\share\prims\jni.cpp, line 516]
Event: 334.612 Thread 0x0000019ccdf03380 Exception <a 'sun/nio/fs/WindowsException'{0x000000060a2e5260}> (0x000000060a2e5260) 
thrown [s\src\hotspot\share\prims\jni.cpp, line 516]
Event: 334.622 Thread 0x0000019ccdf03380 Exception <a 'java/io/FileNotFoundException'{0x000000060a324a70}> (0x000000060a324a70) 
thrown [s\src\hotspot\share\prims\jni.cpp, line 516]
Event: 334.655 Thread 0x0000019ccdf03380 Exception <a 'sun/nio/fs/WindowsException'{0x00000006099f04e0}> (0x00000006099f04e0) 
thrown [s\src\hotspot\share\prims\jni.cpp, line 516]
Event: 335.855 Thread 0x0000019ccdf03380 Implicit null exception at 0x0000019c9e8d413c to 0x0000019c9e8d5034
Event: 335.871 Thread 0x0000019ccdf03380 Exception <a 'java/io/FileNotFoundException'{0x000000060ab15108}> (0x000000060ab15108) 
thrown [s\src\hotspot\share\prims\jni.cpp, line 516]

VM Operations (20 events):
Event: 414.192 Executing VM operation: get/set locals
Event: 414.192 Executing VM operation: get/set locals done
Event: 414.193 Executing VM operation: get/set locals
Event: 414.193 Executing VM operation: get/set locals done
Event: 414.193 Executing VM operation: get/set locals
Event: 414.193 Executing VM operation: get/set locals done
Event: 414.193 Executing VM operation: get/set locals
Event: 414.193 Executing VM operation: get/set locals done
Event: 414.193 Executing VM operation: get/set locals
Event: 414.193 Executing VM operation: get/set locals done
Event: 414.193 Executing VM operation: get/set locals
Event: 414.193 Executing VM operation: get/set locals done
Event: 414.194 Executing VM operation: get/set locals
Event: 414.194 Executing VM operation: get/set locals done
Event: 414.194 Executing VM operation: get/set locals
Event: 414.194 Executing VM operation: get/set locals done
Event: 414.194 Executing VM operation: get/set locals
Event: 414.194 Executing VM operation: get/set locals done
Event: 414.194 Executing VM operation: get/set locals
Event: 414.194 Executing VM operation: get/set locals done

Events (20 events):
Event: 334.813 Thread 0x0000019cbb28c7f0 flushing nmethod 0x0000019c966c1f10
Event: 334.813 Thread 0x0000019cbb28c7f0 flushing nmethod 0x0000019c966c9190
Event: 334.813 Thread 0x0000019cbb28c7f0 flushing nmethod 0x0000019c96706a90
Event: 334.813 Thread 0x0000019cbb28c7f0 flushing nmethod 0x0000019c96718910
Event: 334.813 Thread 0x0000019cbb28c7f0 flushing nmethod 0x0000019c96736b90
Event: 334.814 Thread 0x0000019cbb28c7f0 flushing nmethod 0x0000019c96a62890
Event: 334.815 Thread 0x0000019cbb28c7f0 flushing nmethod 0x0000019c96cabd90
Event: 334.815 Thread 0x0000019cbb28c7f0 flushing nmethod 0x0000019c96d8ad10
Event: 334.815 Thread 0x0000019cbb28c7f0 flushing nmethod 0x0000019c96da7d90
Event: 334.815 Thread 0x0000019cbb28c7f0 flushing nmethod 0x0000019c96ea7f90
Event: 334.816 Thread 0x0000019cbb28c7f0 flushing nmethod 0x0000019c97191210
Event: 334.817 Thread 0x0000019cbb28c7f0 flushing nmethod 0x0000019c974b2810
Event: 335.164 Thread 0x0000019cca762ee0 Thread exited: 0x0000019cca762ee0
Event: 335.455 Thread 0x0000019cca761590 Thread exited: 0x0000019cca761590
Event: 335.455 Thread 0x0000019cca7624c0 Thread exited: 0x0000019cca7624c0
Event: 335.471 Thread 0x0000019cca761aa0 Thread exited: 0x0000019cca761aa0
Event: 335.871 Thread 0x0000019ccdf05530 Thread added: 0x0000019ccdf05530
Event: 335.871 Thread 0x0000019ccdf03850 Thread added: 0x0000019ccdf03850
Event: 335.871 Thread 0x0000019ccdf03d20 Thread added: 0x0000019ccdf03d20
Event: 339.985 Thread 0x0000019ccdf07210 Thread exited: 0x0000019ccdf07210


Dynamic libraries:
0x00007ff774e60000 - 0x00007ff774e6e000 	C:\eclipse-jee-2023-03-R-win32-x86_64\eclipse\plugins\org.eclipse.justj.openjdk.hotspot.jre.full.win32.x86_64_17.0.7.v20230425-1502\jre\bin\javaw.exe
0x00007fff3c5f0000 - 0x00007fff3c807000 	C:\Windows\SYSTEM32\ntdll.dll
0x00007fff3aa00000 - 0x00007fff3aac4000 	C:\Windows\System32\KERNEL32.DLL
0x00007fff39db0000 - 0x00007fff3a155000 	C:\Windows\System32\KERNELBASE.dll
0x00007fff399d0000 - 0x00007fff39ae1000 	C:\Windows\System32\ucrtbase.dll
0x00007fff22540000 - 0x00007fff22559000 	C:\eclipse-jee-2023-03-R-win32-x86_64\eclipse\plugins\org.eclipse.justj.openjdk.hotspot.jre.full.win32.x86_64_17.0.7.v20230425-1502\jre\bin\VCRUNTIME140.dll
0x00007fff281f0000 - 0x00007fff28207000 	C:\eclipse-jee-2023-03-R-win32-x86_64\eclipse\plugins\org.eclipse.justj.openjdk.hotspot.jre.full.win32.x86_64_17.0.7.v20230425-1502\jre\bin\jli.dll
0x00007fff3abf0000 - 0x00007fff3ad9e000 	C:\Windows\System32\USER32.dll
0x00007fff39d80000 - 0x00007fff39da6000 	C:\Windows\System32\win32u.dll
0x00007fff3a5f0000 - 0x00007fff3a619000 	C:\Windows\System32\GDI32.dll
0x00007fff3a220000 - 0x00007fff3a339000 	C:\Windows\System32\gdi32full.dll
0x00007fff39c60000 - 0x00007fff39cfa000 	C:\Windows\System32\msvcp_win.dll
0x00007fff21e90000 - 0x00007fff22123000 	C:\Windows\WinSxS\amd64_microsoft.windows.common-controls_6595b64144ccf1df_6.0.22621.2506_none_270c5ae97388e100\COMCTL32.dll
0x00007fff3a3e0000 - 0x00007fff3a487000 	C:\Windows\System32\msvcrt.dll
0x00007fff3a3a0000 - 0x00007fff3a3d1000 	C:\Windows\System32\IMM32.DLL
0x00007fff23e50000 - 0x00007fff23e5c000 	C:\eclipse-jee-2023-03-R-win32-x86_64\eclipse\plugins\org.eclipse.justj.openjdk.hotspot.jre.full.win32.x86_64_17.0.7.v20230425-1502\jre\bin\vcruntime140_1.dll
0x00007fff11710000 - 0x00007fff117a1000 	C:\eclipse-jee-2023-03-R-win32-x86_64\eclipse\plugins\org.eclipse.justj.openjdk.hotspot.jre.full.win32.x86_64_17.0.7.v20230425-1502\jre\bin\msvcp140.dll
0x00007ffecd110000 - 0x00007ffecdd58000 	C:\eclipse-jee-2023-03-R-win32-x86_64\eclipse\plugins\org.eclipse.justj.openjdk.hotspot.jre.full.win32.x86_64_17.0.7.v20230425-1502\jre\bin\server\jvm.dll
0x00007fff3b0c0000 - 0x00007fff3b171000 	C:\Windows\System32\ADVAPI32.dll
0x00007fff3c040000 - 0x00007fff3c0e6000 	C:\Windows\System32\sechost.dll
0x00007fff3b180000 - 0x00007fff3b297000 	C:\Windows\System32\RPCRT4.dll
0x00007fff251a0000 - 0x00007fff251d4000 	C:\Windows\SYSTEM32\WINMM.dll
0x00007fff1cd40000 - 0x00007fff1cd4a000 	C:\Windows\SYSTEM32\VERSION.dll
0x00007fff0eab0000 - 0x00007fff0eab9000 	C:\Windows\SYSTEM32\WSOCK32.dll
0x00007fff3c370000 - 0x00007fff3c3e1000 	C:\Windows\System32\WS2_32.dll
0x00007fff389b0000 - 0x00007fff389c8000 	C:\Windows\SYSTEM32\kernel.appcore.dll
0x00007fff31f10000 - 0x00007fff31f1a000 	C:\eclipse-jee-2023-03-R-win32-x86_64\eclipse\plugins\org.eclipse.justj.openjdk.hotspot.jre.full.win32.x86_64_17.0.7.v20230425-1502\jre\bin\jimage.dll
0x00007fff08780000 - 0x00007fff089b3000 	C:\Windows\SYSTEM32\DBGHELP.DLL
0x00007fff3a670000 - 0x00007fff3a9f9000 	C:\Windows\System32\combase.dll
0x00007fff3c290000 - 0x00007fff3c367000 	C:\Windows\System32\OLEAUT32.dll
0x00007fff077f0000 - 0x00007fff07822000 	C:\Windows\SYSTEM32\dbgcore.DLL
0x00007fff39d00000 - 0x00007fff39d7a000 	C:\Windows\System32\bcryptPrimitives.dll
0x00007ffefc2d0000 - 0x00007ffefc30b000 	C:\eclipse-jee-2023-03-R-win32-x86_64\eclipse\plugins\org.eclipse.justj.openjdk.hotspot.jre.full.win32.x86_64_17.0.7.v20230425-1502\jre\bin\jdwp.dll
0x00007fff28530000 - 0x00007fff2853e000 	C:\eclipse-jee-2023-03-R-win32-x86_64\eclipse\plugins\org.eclipse.justj.openjdk.hotspot.jre.full.win32.x86_64_17.0.7.v20230425-1502\jre\bin\instrument.dll
0x00007fff25a00000 - 0x00007fff25a25000 	C:\eclipse-jee-2023-03-R-win32-x86_64\eclipse\plugins\org.eclipse.justj.openjdk.hotspot.jre.full.win32.x86_64_17.0.7.v20230425-1502\jre\bin\java.dll
0x00007fff25e50000 - 0x00007fff25e68000 	C:\eclipse-jee-2023-03-R-win32-x86_64\eclipse\plugins\org.eclipse.justj.openjdk.hotspot.jre.full.win32.x86_64_17.0.7.v20230425-1502\jre\bin\zip.dll
0x00007fff3b7e0000 - 0x00007fff3c039000 	C:\Windows\System32\SHELL32.dll
0x00007fff37830000 - 0x00007fff38124000 	C:\Windows\SYSTEM32\windows.storage.dll
0x00007fff376f0000 - 0x00007fff3782e000 	C:\Windows\SYSTEM32\wintypes.dll
0x00007fff3aad0000 - 0x00007fff3abc3000 	C:\Windows\System32\SHCORE.dll
0x00007fff3a340000 - 0x00007fff3a39e000 	C:\Windows\System32\shlwapi.dll
0x00007fff39890000 - 0x00007fff398b6000 	C:\Windows\SYSTEM32\profapi.dll
0x00007fff34c20000 - 0x00007fff34c2c000 	C:\eclipse-jee-2023-03-R-win32-x86_64\eclipse\plugins\org.eclipse.justj.openjdk.hotspot.jre.full.win32.x86_64_17.0.7.v20230425-1502\jre\bin\dt_socket.dll
0x00007fff38410000 - 0x00007fff3843d000 	C:\Windows\SYSTEM32\IPHLPAPI.DLL
0x00007fff38e80000 - 0x00007fff38ee9000 	C:\Windows\system32\mswsock.dll
0x00007fff38480000 - 0x00007fff38579000 	C:\Windows\SYSTEM32\DNSAPI.dll
0x00007fff3b2a0000 - 0x00007fff3b2a9000 	C:\Windows\System32\NSI.dll
0x00007fff328c0000 - 0x00007fff328ca000 	C:\Windows\System32\rasadhlp.dll
0x00007fff329a0000 - 0x00007fff32a23000 	C:\Windows\System32\fwpuclnt.dll
0x00007fff251e0000 - 0x00007fff251f9000 	C:\eclipse-jee-2023-03-R-win32-x86_64\eclipse\plugins\org.eclipse.justj.openjdk.hotspot.jre.full.win32.x86_64_17.0.7.v20230425-1502\jre\bin\net.dll
0x00007fff33210000 - 0x00007fff33347000 	C:\Windows\SYSTEM32\WINHTTP.dll
0x00007fff23e60000 - 0x00007fff23e75000 	C:\eclipse-jee-2023-03-R-win32-x86_64\eclipse\plugins\org.eclipse.justj.openjdk.hotspot.jre.full.win32.x86_64_17.0.7.v20230425-1502\jre\bin\nio.dll
0x00007fff28380000 - 0x00007fff28390000 	C:\eclipse-jee-2023-03-R-win32-x86_64\eclipse\plugins\org.eclipse.justj.openjdk.hotspot.jre.full.win32.x86_64_17.0.7.v20230425-1502\jre\bin\verify.dll
0x00007fff34c10000 - 0x00007fff34c19000 	C:\eclipse-jee-2023-03-R-win32-x86_64\eclipse\plugins\org.eclipse.justj.openjdk.hotspot.jre.full.win32.x86_64_17.0.7.v20230425-1502\jre\bin\management.dll
0x00007fff2a3d0000 - 0x00007fff2a3db000 	C:\eclipse-jee-2023-03-R-win32-x86_64\eclipse\plugins\org.eclipse.justj.openjdk.hotspot.jre.full.win32.x86_64_17.0.7.v20230425-1502\jre\bin\management_ext.dll
0x00007fff3a490000 - 0x00007fff3a498000 	C:\Windows\System32\PSAPI.DLL
0x00007fff391d0000 - 0x00007fff391eb000 	C:\Windows\SYSTEM32\CRYPTSP.dll
0x00007fff38970000 - 0x00007fff389a5000 	C:\Windows\system32\rsaenh.dll
0x00007fff38f20000 - 0x00007fff38f4c000 	C:\Windows\SYSTEM32\USERENV.dll
0x00007fff392f0000 - 0x00007fff39318000 	C:\Windows\SYSTEM32\bcrypt.dll
0x00007fff391b0000 - 0x00007fff391bc000 	C:\Windows\SYSTEM32\CRYPTBASE.dll
0x00007fff33100000 - 0x00007fff33119000 	C:\Windows\SYSTEM32\dhcpcsvc6.DLL
0x00007fff330e0000 - 0x00007fff330ff000 	C:\Windows\SYSTEM32\dhcpcsvc.DLL
0x00007fff28300000 - 0x00007fff2830e000 	C:\eclipse-jee-2023-03-R-win32-x86_64\eclipse\plugins\org.eclipse.justj.openjdk.hotspot.jre.full.win32.x86_64_17.0.7.v20230425-1502\jre\bin\sunmscapi.dll
0x00007fff39af0000 - 0x00007fff39c56000 	C:\Windows\System32\CRYPT32.dll
0x00007fff392c0000 - 0x00007fff392ed000 	C:\Windows\SYSTEM32\ncrypt.dll
0x00007fff39280000 - 0x00007fff392b7000 	C:\Windows\SYSTEM32\NTASN1.dll
0x00007fff23130000 - 0x00007fff23138000 	C:\Windows\system32\wshunix.dll

dbghelp: loaded successfully - version: 4.0.5 - missing functions: none
symbol engine: initialized successfully - sym options: 0x614 - pdb path: .;C:\eclipse-jee-2023-03-R-win32-x86_64\eclipse\plugins\org.eclipse.justj.openjdk.hotspot.jre.full.win32.x86_64_17.0.7.v20230425-1502\jre\bin;C:\Windows\SYSTEM32;C:\Windows\WinSxS\amd64_microsoft.windows.common-controls_6595b64144ccf1df_6.0.22621.2506_none_270c5ae97388e100;C:\eclipse-jee-2023-03-R-win32-x86_64\eclipse\plugins\org.eclipse.justj.openjdk.hotspot.jre.full.win32.x86_64_17.0.7.v20230425-1502\jre\bin\server

VM Arguments:
jvm_args: -XX:+ShowCodeDetailsInExceptionMessages -agentlib:jdwp=transport=dt_socket,suspend=y,address=localhost:63587 -javaagent:C:\eclipse-jee-2023-03-R-win32-x86_64\eclipse\configuration\org.eclipse.osgi\424\0\.cp\lib\javaagent-shaded.jar -Dfile.encoding=UTF-8 
java_command: com.project.bookforeast.BookforeastApplication
java_class_path (initial): C:\Users\kimgabin\git\bookforeast\bookforeast\target\classes;C:\Users\kimgabin\.m2\repository\org\springframework\boot\spring-boot-starter-data-jdbc\3.1.4\spring-boot-starter-data-jdbc-3.1.4.jar;C:\Users\kimgabin\.m2\repository\org\springframework\boot\spring-boot-starter-jdbc\3.1.4\spring-boot-starter-jdbc-3.1.4.jar;C:\Users\kimgabin\.m2\repository\com\zaxxer\HikariCP\5.0.1\HikariCP-5.0.1.jar;C:\Users\kimgabin\.m2\repository\org\springframework\spring-jdbc\6.0.12\spring-jdbc-6.0.12.jar;C:\Users\kimgabin\.m2\repository\org\springframework\data\spring-data-jdbc\3.1.4\spring-data-jdbc-3.1.4.jar;C:\Users\kimgabin\.m2\repository\org\springframework\data\spring-data-relational\3.1.4\spring-data-relational-3.1.4.jar;C:\Users\kimgabin\.m2\repository\org\springframework\data\spring-data-commons\3.1.4\spring-data-commons-3.1.4.jar;C:\Users\kimgabin\.m2\repository\org\springframework\spring-tx\6.0.12\spring-tx-6.0.12.jar;C:\Users\kimgabin\.m2\repository\org\springframework\spring-context\6.0.12\spring-context-6.0.12.jar;C:\Users\kimgabin\.m2\repository\org\springframework\spring-beans\6.0.12\spring-beans-6.0.12.jar;C:\Users\kimgabin\.m2\repository\org\slf4j\slf4j-api\2.0.9\slf4j-api-2.0.9.jar;C:\Users\kimgabin\.m2\repository\org\springframework\boot\spring-boot-starter-data-jpa\3.1.4\spring-boot-starter-data-jpa-3.1.4.jar;C:\Users\kimgabin\.m2\repository\org\springframework\boot\spring-boot-starter-aop\3.1.4\spring-boot-starter-aop-3.1.4.jar;C:\Users\kimgabin\.m2\repository\org\aspectj\aspectjweaver\1.9.20\aspectjweaver-1.9.20.jar;C:\Users\kimgabin\.m2\repository\org\hibernate\orm\hibernate-core\6.2.9.Final\hibernate-core-6.2.9.Final.jar;C:\Users\kimgabin\.m2\repository\jakarta\persistence\jakarta.persistence-api\3.1.0\jakarta.persistence-api-3.1.0.jar;C:\Users\kimgabin\.m2\repository\jakarta\transaction\jakarta.transaction-api\2.0.1\jakarta.transaction-api-2.0.1.jar;C:\Users\kimgabin\.m2\repository\org\jboss\logging\jboss-logging\3.5.3.Final\jbos
Launcher Type: SUN_STANDARD

[Global flags]
     intx CICompilerCount                          = 12                                        {product} {ergonomic}
     uint ConcGCThreads                            = 4                                         {product} {ergonomic}
     uint G1ConcRefinementThreads                  = 15                                        {product} {ergonomic}
   size_t G1HeapRegionSize                         = 4194304                                   {product} {ergonomic}
    uintx GCDrainStackTargetSize                   = 64                                        {product} {ergonomic}
   size_t InitialHeapSize                          = 532676608                                 {product} {ergonomic}
   size_t MarkStackSize                            = 4194304                                   {product} {ergonomic}
   size_t MaxHeapSize                              = 8522825728                                {product} {ergonomic}
   size_t MaxNewSize                               = 5112856576                                {product} {ergonomic}
   size_t MinHeapDeltaBytes                        = 4194304                                   {product} {ergonomic}
   size_t MinHeapSize                              = 8388608                                   {product} {ergonomic}
    uintx NonNMethodCodeHeapSize                   = 7602480                                {pd product} {ergonomic}
    uintx NonProfiledCodeHeapSize                  = 122027880                              {pd product} {ergonomic}
    uintx ProfiledCodeHeapSize                     = 122027880                              {pd product} {ergonomic}
    uintx ReservedCodeCacheSize                    = 251658240                              {pd product} {ergonomic}
     bool SegmentedCodeCache                       = true                                      {product} {ergonomic}
     bool ShowCodeDetailsInExceptionMessages       = true                                   {manageable} {command line}
   size_t SoftMaxHeapSize                          = 8522825728                             {manageable} {ergonomic}
     bool UseCompressedClassPointers               = true                           {product lp64_product} {ergonomic}
     bool UseCompressedOops                        = true                           {product lp64_product} {ergonomic}
     bool UseG1GC                                  = true                                      {product} {ergonomic}
     bool UseLargePagesIndividualAllocation        = false                                  {pd product} {ergonomic}

Logging:
Log output configuration:
 #0: stdout all=warning uptime,level,tags
 #1: stderr all=off uptime,level,tags

Environment Variables:
JAVA_HOME=C:\Program Files\Java\jdk1.8.0_351
PATH=C:\eclipse-jee-2023-03-R-win32-x86_64\eclipse\plugins\org.eclipse.justj.openjdk.hotspot.jre.full.win32.x86_64_17.0.7.v20230425-1502\jre\bin;C:/eclipse-jee-2023-03-R-win32-x86_64/eclipse//plugins/org.eclipse.justj.openjdk.hotspot.jre.full.win32.x86_64_17.0.7.v20230425-1502/jre/bin/server;C:/eclipse-jee-2023-03-R-win32-x86_64/eclipse//plugins/org.eclipse.justj.openjdk.hotspot.jre.full.win32.x86_64_17.0.7.v20230425-1502/jre/bin;C:\Program Files\Eclipse Adoptium\jdk-17.0.8.7-hotspot\bin;C:\Program Files\Java\jdk-20;C:\Program Files\Java\jdk1.8.0_351\bin\;C:\Windows\system32;C:\Windows;C:\Windows\System32\Wbem;C:\Windows\System32\WindowsPowerShell\v1.0\;C:\Windows\System32\OpenSSH\;C:\Users\kimgabin\AppData\Local\Microsoft\WindowsApps;C:\TmaxData\tibero6\bin;C:\TmaxData\tibero6\client\bin;C:\TmaxData\tibero6\bin;C:\TmaxData\tibero6\client\bin;C:\TmaxData\tibero6\bin;C:\TmaxData\tibero6\client\bin;C:\Program Files\Bandizip\;C:\Program Files\Git\cmd;C:\Program Files\Docker\Docker\resources\bin;C:\Program Files\nodejs\;C:\Program Files\MySQL\MySQL Shell 8.0\bin\;C:\Gradle\gradle-8.2.1\bin;C:\ProgramData\chocolatey\bin;C:\Program Files (x86)\Windows Kits\10\Windows Performance Toolkit\;C:\Program Files\PuTTY\;C:\Users\kimgabin\AppData\Local\Programs\Python\Launcher\;C:\Users\kimgabin\AppData\Local\Microsoft\WindowsApps;;C:\Users\kimgabin\AppData\Local\Programs\Microsoft VS Code\bin;C:\Users\kimgabin\AppData\Roaming\npm;C:\eclipse-jee-2023-03-R-win32-x86_64\eclipse;
USERNAME=kimgabin
OS=Windows_NT
PROCESSOR_IDENTIFIER=Intel64 Family 6 Model 151 Stepping 2, GenuineIntel
TMP=C:\Users\kimgabin\AppData\Local\Temp
TEMP=C:\Users\kimgabin\AppData\Local\Temp



---------------  S Y S T E M  ---------------

OS:
 Windows 11 , 64 bit Build 22621 (10.0.22621.2506)
OS uptime: 3 days 6:21 hours
Hyper-V role detected

CPU: total 20 (initial active 20) (10 cores per cpu, 2 threads per core) family 6 model 151 stepping 2 microcode 0x23, cx8, cmov, fxsr, ht, mmx, 3dnowpref, sse, sse2, sse3, ssse3, sse4.1, sse4.2, popcnt, lzcnt, tsc, tscinvbit, avx, avx2, aes, erms, clmul, bmi1, bmi2, adx, sha, fma, vzeroupper, clflush, clflushopt, clwb, hv

Memory: 4k page, system-wide physical 32509M (14884M free)
TotalPageFile size 41213M (AvailPageFile size 14582M)
current process WorkingSet (physical memory assigned to process): 552M, peak: 614M
current process commit charge ("private bytes"): 596M, peak: 758M

vm_info: OpenJDK 64-Bit Server VM (17.0.7+7) for windows-amd64 JRE (17.0.7+7), built on Apr 18 2023 22:10:42 by "temurin" with MS VC++ 16.7 (VS2019)

END.
